#
# There is insufficient memory for the Java Runtime Environment to continue.
# Native memory allocation (malloc) failed to allocate 735168 bytes. Error detail: Chunk::new
# Possible reasons:
#   The system is out of physical RAM or swap space
#   This process is running with CompressedOops enabled, and the Java Heap may be blocking the growth of the native heap
# Possible solutions:
#   Reduce memory load on the system
#   Increase physical memory or swap space
#   Check if swap backing store is full
#   Decrease Java heap size (-Xmx/-Xms)
#   Decrease number of Java threads
#   Decrease Java thread stack sizes (-Xss)
#   Set larger code cache with -XX:ReservedCodeCacheSize=
#   JVM is running with Unscaled Compressed Oops mode in which the Java heap is
#     placed in the first 4GB address space. The Java Heap base address is the
#     maximum limit for the native heap growth. Please use -XX:HeapBaseMinAddress
#     to set the Java Heap base and to place the Java Heap above 4GB virtual address.
# This output file may be truncated or incomplete.
#
#  Out of Memory Error (arena.cpp:168), pid=8708, tid=17940
#
# JRE version: OpenJDK Runtime Environment Temurin-21.0.7+6 (21.0.7+6) (build 21.0.7+6-LTS)
# Java VM: OpenJDK 64-Bit Server VM Temurin-21.0.7+6 (21.0.7+6-LTS, mixed mode, sharing, tiered, compressed oops, compressed class ptrs, parallel gc, windows-amd64)
# No core dump will be written. Minidumps are not enabled by default on client versions of Windows
#

---------------  S U M M A R Y ------------

Command Line: --add-modules=ALL-SYSTEM --add-opens=java.base/java.util=ALL-UNNAMED --add-opens=java.base/java.lang=ALL-UNNAMED --add-opens=java.base/sun.nio.fs=ALL-UNNAMED -Declipse.application=org.eclipse.jdt.ls.core.id1 -Dosgi.bundles.defaultStartLevel=4 -Declipse.product=org.eclipse.jdt.ls.core.product -Djava.import.generatesMetadataFilesAtProjectRoot=false -DDetectVMInstallationsJob.disabled=true -Dfile.encoding=utf8 -XX:+UseParallelGC -XX:GCTimeRatio=4 -XX:AdaptiveSizePolicyWeight=90 -Dsun.zip.disableMemoryMapping=true -Xmx2G -Xms100m -Xlog:disable -javaagent:c:\Users\Asus\.vscode\extensions\redhat.java-1.43.1-win32-x64\lombok\lombok-1.18.39-4050.jar -XX:+HeapDumpOnOutOfMemoryError -XX:HeapDumpPath=c:\Users\Asus\AppData\Roaming\Code\User\workspaceStorage\3d294ba1d3de4d7ca895ef8bf9320886\redhat.java -Daether.dependencyCollector.impl=bf c:\Users\Asus\.vscode\extensions\redhat.java-1.43.1-win32-x64\server\plugins\org.eclipse.equinox.launcher_1.7.0.v20250519-0528.jar -configuration c:\Users\Asus\AppData\Roaming\Code\User\globalStorage\redhat.java\1.43.1\config_win -data c:\Users\Asus\AppData\Roaming\Code\User\workspaceStorage\3d294ba1d3de4d7ca895ef8bf9320886\redhat.java\jdt_ws --pipe=\\.\pipe\lsp-657abad9c3657e5ad277efdb2b272c26-sock

Host: Intel(R) Core(TM) i5-10300H CPU @ 2.50GHz, 8 cores, 7G,  Windows 11 , 64 bit Build 26100 (10.0.26100.4484)
Time: Wed Jul 23 01:45:38 2025 Bangladesh Standard Time elapsed time: 56.413640 seconds (0d 0h 0m 56s)

---------------  T H R E A D  ---------------

Current thread (0x000001cc784d49f0):  JavaThread "C2 CompilerThread0" daemon [_thread_in_native, id=17940, stack(0x0000008158200000,0x0000008158300000) (1024K)]


Current CompileTask:
C2:56413 14413   !   4       java.io.ObjectOutputStream::writeObject0 (620 bytes)

Stack: [0x0000008158200000,0x0000008158300000]
Native frames: (J=compiled Java code, j=interpreted, Vv=VM code, C=native code)
V  [jvm.dll+0x6ce119]
V  [jvm.dll+0x8a84a1]
V  [jvm.dll+0x8aa9ce]
V  [jvm.dll+0x8ab0b3]
V  [jvm.dll+0x27f8a6]
V  [jvm.dll+0xc507d]
V  [jvm.dll+0xc55b3]
V  [jvm.dll+0x3b692c]
V  [jvm.dll+0x1dfe33]
V  [jvm.dll+0x247c42]
V  [jvm.dll+0x2470cf]
V  [jvm.dll+0x1c760e]
V  [jvm.dll+0x25695a]
V  [jvm.dll+0x254efa]
V  [jvm.dll+0x3f03f6]
V  [jvm.dll+0x851f6b]
V  [jvm.dll+0x6cc7dd]
C  [ucrtbase.dll+0x37b0]
C  [KERNEL32.DLL+0x2e8d7]
C  [ntdll.dll+0x3c34c]


---------------  P R O C E S S  ---------------

Threads class SMR info:
_java_thread_list=0x000001cc57406df0, length=51, elements={
0x000001cc7854c0d0, 0x000001cc78608ea0, 0x000001cc7860c320, 0x000001cc784c9390,
0x000001cc784c8d00, 0x000001cc784ca0b0, 0x000001cc784c7fe0, 0x000001cc784d49f0,
0x000001cc784e50f0, 0x000001cc784c8670, 0x000001cc784cadd0, 0x000001cc784c9a20,
0x000001cc784ca740, 0x000001cc784cb460, 0x000001cc51a6b480, 0x000001cc51a6adf0,
0x000001cc51a6bb10, 0x000001cc51a6c830, 0x000001cc51a6cec0, 0x000001cc51a69a40,
0x000001cc51a6a0d0, 0x000001cc51a6d550, 0x000001cc51a6dbe0, 0x000001cc51a6a760,
0x000001cc51a70340, 0x000001cc51a6e270, 0x000001cc51a709d0, 0x000001cc51a6e900,
0x000001cc51a71060, 0x000001cc51a6fcb0, 0x000001cc51a6ef90, 0x000001cc51a6f620,
0x000001cc58aeb3b0, 0x000001cc58aea000, 0x000001cc58aec760, 0x000001cc58aecdf0,
0x000001cc58aead20, 0x000001cc58aed480, 0x000001cc58aedb10, 0x000001cc58aeba40,
0x000001cc58aeeec0, 0x000001cc58aef550, 0x000001cc58aec0d0, 0x000001cc58af0270,
0x000001cc58af0900, 0x000001cc58aefbe0, 0x000001cc58af0f90, 0x000001cc58af1620,
0x000001cc51a6c1a0, 0x000001cc598691d0, 0x000001cc59868b40
}

Java Threads: ( => current thread )
  0x000001cc7854c0d0 JavaThread "main"                              [_thread_blocked, id=11536, stack(0x0000008157800000,0x0000008157900000) (1024K)]
  0x000001cc78608ea0 JavaThread "Reference Handler"          daemon [_thread_blocked, id=22656, stack(0x0000008157c00000,0x0000008157d00000) (1024K)]
  0x000001cc7860c320 JavaThread "Finalizer"                  daemon [_thread_blocked, id=23692, stack(0x0000008157d00000,0x0000008157e00000) (1024K)]
  0x000001cc784c9390 JavaThread "Signal Dispatcher"          daemon [_thread_blocked, id=12112, stack(0x0000008157e00000,0x0000008157f00000) (1024K)]
  0x000001cc784c8d00 JavaThread "Attach Listener"            daemon [_thread_blocked, id=3216, stack(0x0000008157f00000,0x0000008158000000) (1024K)]
  0x000001cc784ca0b0 JavaThread "Service Thread"             daemon [_thread_blocked, id=13552, stack(0x0000008158000000,0x0000008158100000) (1024K)]
  0x000001cc784c7fe0 JavaThread "Monitor Deflation Thread"   daemon [_thread_blocked, id=7632, stack(0x0000008158100000,0x0000008158200000) (1024K)]
=>0x000001cc784d49f0 JavaThread "C2 CompilerThread0"         daemon [_thread_in_native, id=17940, stack(0x0000008158200000,0x0000008158300000) (1024K)]
  0x000001cc784e50f0 JavaThread "C1 CompilerThread0"         daemon [_thread_blocked, id=22544, stack(0x0000008158300000,0x0000008158400000) (1024K)]
  0x000001cc784c8670 JavaThread "Common-Cleaner"             daemon [_thread_blocked, id=16912, stack(0x0000008158400000,0x0000008158500000) (1024K)]
  0x000001cc784cadd0 JavaThread "Notification Thread"        daemon [_thread_blocked, id=18348, stack(0x0000008158600000,0x0000008158700000) (1024K)]
  0x000001cc784c9a20 JavaThread "Active Thread: Equinox Container: 6ab5ba25-7fa9-4b2a-9c02-b4257302078a"        [_thread_blocked, id=8372, stack(0x0000008158e00000,0x0000008158f00000) (1024K)]
  0x000001cc784ca740 JavaThread "Refresh Thread: Equinox Container: 6ab5ba25-7fa9-4b2a-9c02-b4257302078a" daemon [_thread_blocked, id=4076, stack(0x0000008158700000,0x0000008158800000) (1024K)]
  0x000001cc784cb460 JavaThread "Framework Event Dispatcher: Equinox Container: 6ab5ba25-7fa9-4b2a-9c02-b4257302078a" daemon [_thread_blocked, id=16240, stack(0x0000008158f00000,0x0000008159000000) (1024K)]
  0x000001cc51a6b480 JavaThread "Start Level: Equinox Container: 6ab5ba25-7fa9-4b2a-9c02-b4257302078a" daemon [_thread_blocked, id=9116, stack(0x0000008159000000,0x0000008159100000) (1024K)]
  0x000001cc51a6adf0 JavaThread "Bundle File Closer"         daemon [_thread_blocked, id=21684, stack(0x0000008159200000,0x0000008159300000) (1024K)]
  0x000001cc51a6bb10 JavaThread "SCR Component Actor"        daemon [_thread_blocked, id=12316, stack(0x0000008159100000,0x0000008159200000) (1024K)]
  0x000001cc51a6c830 JavaThread "Worker-JM"                         [_thread_blocked, id=15916, stack(0x0000008159500000,0x0000008159600000) (1024K)]
  0x000001cc51a6cec0 JavaThread "JNA Cleaner"                daemon [_thread_blocked, id=21216, stack(0x0000008159600000,0x0000008159700000) (1024K)]
  0x000001cc51a69a40 JavaThread "Worker-0"                          [_thread_blocked, id=12584, stack(0x0000008159700000,0x0000008159800000) (1024K)]
  0x000001cc51a6a0d0 JavaThread "Worker-1: Updating workspace"        [_thread_blocked, id=20668, stack(0x0000008159800000,0x0000008159900000) (1024K)]
  0x000001cc51a6d550 JavaThread "Worker-2: Initialize workspace"        [_thread_blocked, id=6384, stack(0x0000008159900000,0x0000008159a00000) (1024K)]
  0x000001cc51a6dbe0 JavaThread "Java indexing"              daemon [_thread_blocked, id=6596, stack(0x0000008159a00000,0x0000008159b00000) (1024K)]
  0x000001cc51a6a760 JavaThread "Worker-3"                          [_thread_blocked, id=8136, stack(0x0000008159e00000,0x0000008159f00000) (1024K)]
  0x000001cc51a70340 JavaThread "Worker-4"                          [_thread_blocked, id=9336, stack(0x0000008159f00000,0x000000815a000000) (1024K)]
  0x000001cc51a6e270 JavaThread "Thread-2"                   daemon [_thread_in_native, id=21760, stack(0x000000815a000000,0x000000815a100000) (1024K)]
  0x000001cc51a709d0 JavaThread "Thread-3"                   daemon [_thread_in_native, id=18008, stack(0x000000815a100000,0x000000815a200000) (1024K)]
  0x000001cc51a6e900 JavaThread "Thread-4"                   daemon [_thread_in_native, id=2932, stack(0x000000815a200000,0x000000815a300000) (1024K)]
  0x000001cc51a71060 JavaThread "Thread-5"                   daemon [_thread_in_native, id=10448, stack(0x000000815a300000,0x000000815a400000) (1024K)]
  0x000001cc51a6fcb0 JavaThread "Thread-6"                   daemon [_thread_in_native, id=4624, stack(0x000000815a400000,0x000000815a500000) (1024K)]
  0x000001cc51a6ef90 JavaThread "Thread-7"                   daemon [_thread_in_native, id=8060, stack(0x000000815a500000,0x000000815a600000) (1024K)]
  0x000001cc51a6f620 JavaThread "Thread-8"                   daemon [_thread_in_native, id=8768, stack(0x000000815a600000,0x000000815a700000) (1024K)]
  0x000001cc58aeb3b0 JavaThread "Thread-9"                   daemon [_thread_in_native, id=19216, stack(0x000000815a700000,0x000000815a800000) (1024K)]
  0x000001cc58aea000 JavaThread "Thread-10"                  daemon [_thread_in_native, id=10256, stack(0x000000815a800000,0x000000815a900000) (1024K)]
  0x000001cc58aec760 JavaThread "pool-2-thread-1"                   [_thread_blocked, id=3920, stack(0x000000815a900000,0x000000815aa00000) (1024K)]
  0x000001cc58aecdf0 JavaThread "Worker-5: Java indexing... "        [_thread_blocked, id=17412, stack(0x000000815aa00000,0x000000815ab00000) (1024K)]
  0x000001cc58aead20 JavaThread "Worker-6: Update Maven project configuration"        [_thread_blocked, id=23672, stack(0x000000815ab00000,0x000000815ac00000) (1024K)]
  0x000001cc58aed480 JavaThread "Worker-7"                          [_thread_blocked, id=6080, stack(0x000000815ac00000,0x000000815ad00000) (1024K)]
  0x000001cc58aedb10 JavaThread "WorkspaceEventsHandler"            [_thread_blocked, id=2636, stack(0x000000815ad00000,0x000000815ae00000) (1024K)]
  0x000001cc58aeba40 JavaThread "pool-1-thread-1"                   [_thread_blocked, id=20808, stack(0x000000815ae00000,0x000000815af00000) (1024K)]
  0x000001cc58aeeec0 JavaThread "LocalFile Deleter"          daemon [_thread_blocked, id=13228, stack(0x000000815b100000,0x000000815b200000) (1024K)]
  0x000001cc58aef550 JavaThread "LocalFile Deleter"          daemon [_thread_blocked, id=3452, stack(0x000000815b200000,0x000000815b300000) (1024K)]
  0x000001cc58aec0d0 JavaThread "LocalFile Deleter"          daemon [_thread_blocked, id=22048, stack(0x000000815b300000,0x000000815b400000) (1024K)]
  0x000001cc58af0270 JavaThread "LocalFile Deleter"          daemon [_thread_blocked, id=24272, stack(0x000000815b400000,0x000000815b500000) (1024K)]
  0x000001cc58af0900 JavaThread "Compiler Source File Reader" daemon [_thread_blocked, id=4392, stack(0x000000815b500000,0x000000815b600000) (1024K)]
  0x000001cc58aefbe0 JavaThread "Compiler Processing Task"   daemon [_thread_blocked, id=7360, stack(0x000000815b600000,0x000000815b700000) (1024K)]
  0x000001cc58af0f90 JavaThread "Compiler Class File Writer" daemon [_thread_blocked, id=21812, stack(0x000000815b700000,0x000000815b800000) (1024K)]
  0x000001cc58af1620 JavaThread "Compiler Source File Reader" daemon [_thread_blocked, id=5016, stack(0x000000815b800000,0x000000815b900000) (1024K)]
  0x000001cc51a6c1a0 JavaThread "Compiler Class File Writer" daemon [_thread_blocked, id=22200, stack(0x0000008159300000,0x0000008159400000) (1024K)]
  0x000001cc598691d0 JavaThread "ForkJoinPool.commonPool-worker-1" daemon [_thread_blocked, id=12608, stack(0x000000815b900000,0x000000815ba00000) (1024K)]
  0x000001cc59868b40 JavaThread "Worker-8"                          [_thread_blocked, id=20100, stack(0x0000008159400000,0x0000008159500000) (1024K)]
Total: 51

Other Threads:
  0x000001cc785eea10 VMThread "VM Thread"                           [id=20028, stack(0x0000008157b00000,0x0000008157c00000) (1024K)]
  0x000001cc783dc210 WatcherThread "VM Periodic Task Thread"        [id=23860, stack(0x0000008157a00000,0x0000008157b00000) (1024K)]
  0x000001cc7856a410 WorkerThread "GC Thread#0"                     [id=10980, stack(0x0000008157900000,0x0000008157a00000) (1024K)]
  0x000001cc565b84b0 WorkerThread "GC Thread#1"                     [id=22836, stack(0x0000008158800000,0x0000008158900000) (1024K)]
  0x000001cc56709940 WorkerThread "GC Thread#2"                     [id=17572, stack(0x0000008158900000,0x0000008158a00000) (1024K)]
  0x000001cc56709ce0 WorkerThread "GC Thread#3"                     [id=2024, stack(0x0000008158a00000,0x0000008158b00000) (1024K)]
  0x000001cc5670a080 WorkerThread "GC Thread#4"                     [id=20264, stack(0x0000008158b00000,0x0000008158c00000) (1024K)]
  0x000001cc5670a420 WorkerThread "GC Thread#5"                     [id=10852, stack(0x0000008158c00000,0x0000008158d00000) (1024K)]
  0x000001cc5670a7c0 WorkerThread "GC Thread#6"                     [id=20020, stack(0x0000008158d00000,0x0000008158e00000) (1024K)]
  0x000001cc567dae90 WorkerThread "GC Thread#7"                     [id=15484, stack(0x0000008158500000,0x0000008158600000) (1024K)]
Total: 10

Threads with active compile tasks:
C2 CompilerThread0  56428 14413   !   4       java.io.ObjectOutputStream::writeObject0 (620 bytes)
C1 CompilerThread0  56428 14479       3       org.eclipse.core.internal.jobs.JobManager::validateRule (133 bytes)
Total: 2

VM state: not at safepoint (normal execution)

VM Mutex/Monitor currently owned by a thread:  ([mutex/lock_event])
[0x00007ffac7d3e988] SystemDictionary_lock - owner thread: 0x0000000000000000

Heap address: 0x0000000080000000, size: 2048 MB, Compressed Oops mode: 32-bit

CDS archive(s) mapped at: [0x000001cc0f000000-0x000001cc0fba0000-0x000001cc0fba0000), size 12189696, SharedBaseAddress: 0x000001cc0f000000, ArchiveRelocationMode: 1.
Compressed class space mapped at: 0x000001cc10000000-0x000001cc50000000, reserved size: 1073741824
Narrow klass base: 0x000001cc0f000000, Narrow klass shift: 0, Narrow klass range: 0x100000000

GC Precious Log:
 CardTable entry size: 512
 CPUs: 8 total, 8 available
 Memory: 8029M
 Large Page Support: Disabled
 NUMA Support: Disabled
 Compressed Oops: Enabled (32-bit)
 Alignments: Space 512K, Generation 512K, Heap 2M
 Heap Min Capacity: 100M
 Heap Initial Capacity: 100M
 Heap Max Capacity: 2G
 Pre-touch: Disabled
 Parallel Workers: 8

Heap:
 PSYoungGen      total 12288K, used 6541K [0x00000000d5580000, 0x00000000d6380000, 0x0000000100000000)
  eden space 10752K, 48% used [0x00000000d5580000,0x00000000d5aa3468,0x00000000d6000000)
  from space 1536K, 83% used [0x00000000d6200000,0x00000000d6340000,0x00000000d6380000)
  to   space 1536K, 0% used [0x00000000d6080000,0x00000000d6080000,0x00000000d6200000)
 ParOldGen       total 782848K, used 782626K [0x0000000080000000, 0x00000000afc80000, 0x00000000d5580000)
  object space 782848K, 99% used [0x0000000080000000,0x00000000afc48bc0,0x00000000afc80000)
 Metaspace       used 70995K, committed 72512K, reserved 1114112K
  class space    used 7469K, committed 8064K, reserved 1048576K

Card table byte_map: [0x000001cc77ef0000,0x000001cc78300000] _byte_map_base: 0x000001cc77af0000

Marking Bits: (ParMarkBitMap*) 0x00007ffac7d431f0
 Begin Bits: [0x000001cc7b9f0000, 0x000001cc7d9f0000)
 End Bits:   [0x000001cc7d9f0000, 0x000001cc7f9f0000)

Polling page: 0x000001cc765b0000

Metaspace:

Usage:
  Non-class:     62.04 MB used.
      Class:      7.29 MB used.
       Both:     69.33 MB used.

Virtual space:
  Non-class space:       64.00 MB reserved,      62.94 MB ( 98%) committed,  1 nodes.
      Class space:        1.00 GB reserved,       7.88 MB ( <1%) committed,  1 nodes.
             Both:        1.06 GB reserved,      70.81 MB (  7%) committed. 

Chunk freelists:
   Non-Class:  944.00 KB
       Class:  8.14 MB
        Both:  9.06 MB

MaxMetaspaceSize: unlimited
CompressedClassSpaceSize: 1.00 GB
Initial GC threshold: 21.00 MB
Current GC threshold: 97.31 MB
CDS: on
 - commit_granule_bytes: 65536.
 - commit_granule_words: 8192.
 - virtual_space_node_default_size: 8388608.
 - enlarge_chunks_in_place: 1.
 - use_allocation_guard: 0.


Internal statistics:

num_allocs_failed_limit: 9.
num_arena_births: 1248.
num_arena_deaths: 14.
num_vsnodes_births: 2.
num_vsnodes_deaths: 0.
num_space_committed: 1133.
num_space_uncommitted: 0.
num_chunks_returned_to_freelist: 23.
num_chunks_taken_from_freelist: 4505.
num_chunk_merges: 7.
num_chunk_splits: 2705.
num_chunks_enlarged: 1469.
num_inconsistent_stats: 0.

CodeHeap 'non-profiled nmethods': size=120000Kb used=11663Kb max_used=11663Kb free=108336Kb
 bounds [0x000001cc07ad0000, 0x000001cc08640000, 0x000001cc0f000000]
CodeHeap 'profiled nmethods': size=120000Kb used=30386Kb max_used=30386Kb free=89613Kb
 bounds [0x000001cc00000000, 0x000001cc01db0000, 0x000001cc07530000]
CodeHeap 'non-nmethods': size=5760Kb used=1474Kb max_used=1585Kb free=4285Kb
 bounds [0x000001cc07530000, 0x000001cc077a0000, 0x000001cc07ad0000]
 total_blobs=14463 nmethods=13667 adapters=701
 compilation: enabled
              stopped_count=0, restarted_count=0
 full_count=0

Compilation events (20 events):
Event: 54.345 Thread 0x000001cc784e50f0 nmethod 14467 0x000001cc01d8e490 code [0x000001cc01d8e6a0, 0x000001cc01d8eb38]
Event: 54.346 Thread 0x000001cc784e50f0 14468       3       jdk.internal.misc.Unsafe::loadFence (5 bytes)
Event: 54.346 Thread 0x000001cc784e50f0 nmethod 14468 0x000001cc01d8ed10 code [0x000001cc01d8eea0, 0x000001cc01d8efc0]
Event: 54.348 Thread 0x000001cc594099e0 14469       4       org.eclipse.core.runtime.Assert::isNotNull (7 bytes)
Event: 54.348 Thread 0x000001cc594099e0 nmethod 14469 0x000001cc08632f90 code [0x000001cc08633120, 0x000001cc086331a8]
Event: 54.351 Thread 0x000001cc784e50f0 14470   !   3       org.eclipse.core.internal.jobs.OrderedLock::acquire (32 bytes)
Event: 54.351 Thread 0x000001cc784e50f0 nmethod 14470 0x000001cc01d8f090 code [0x000001cc01d8f280, 0x000001cc01d8f6b8]
Event: 54.352 Thread 0x000001cc594099e0 14471       4       org.eclipse.m2e.core.internal.project.registry.VersionlessKey::hashCode (7 bytes)
Event: 54.353 Thread 0x000001cc784e50f0 14472       3       java.lang.invoke.DirectMethodHandle$Holder::getReference (28 bytes)
Event: 54.353 Thread 0x000001cc784e50f0 nmethod 14472 0x000001cc01d8f890 code [0x000001cc01d8fa60, 0x000001cc01d90068]
Event: 54.359 Thread 0x000001cc594099e0 nmethod 14471 0x000001cc08633290 code [0x000001cc086334a0, 0x000001cc08633b50]
Event: 54.361 Thread 0x000001cc784e50f0 14473   !   3       org.apache.maven.model.building.DefaultModelBuilder::readParentLocally (614 bytes)
Event: 54.365 Thread 0x000001cc784e50f0 nmethod 14473 0x000001cc01d90210 code [0x000001cc01d90980, 0x000001cc01d93f10]
Event: 54.365 Thread 0x000001cc784e50f0 14474   !   3       org.apache.maven.model.building.DefaultModelBuilder::readParentExternally (457 bytes)
Event: 54.368 Thread 0x000001cc784e50f0 nmethod 14474 0x000001cc01d95710 code [0x000001cc01d95da0, 0x000001cc01d98cd8]
Event: 54.382 Thread 0x000001cc784e50f0 14475       3       org.apache.maven.model.io.xpp3.MavenXpp3ReaderEx::parseBuildBase (803 bytes)
Event: 54.387 Thread 0x000001cc784e50f0 nmethod 14475 0x000001cc01d9a010 code [0x000001cc01d9a900, 0x000001cc01d9f888]
Event: 54.387 Thread 0x000001cc784e50f0 14476       3       org.apache.maven.model.building.DefaultModelBuilder::getParentPomFile (41 bytes)
Event: 54.387 Thread 0x000001cc784e50f0 nmethod 14476 0x000001cc01da1390 code [0x000001cc01da15a0, 0x000001cc01da1b70]
Event: 54.604 Thread 0x000001cc784e50f0 14477       3       java.util.regex.Pattern::escape (1310 bytes)

GC Heap History (20 events):
Event: 54.080 GC heap before
{Heap before GC invocations=1294 (full 3):
 PSYoungGen      total 11264K, used 11257K [0x00000000d5580000, 0x00000000d6300000, 0x0000000100000000)
  eden space 10752K, 100% used [0x00000000d5580000,0x00000000d6000000,0x00000000d6000000)
  from space 512K, 98% used [0x00000000d6200000,0x00000000d627e4d0,0x00000000d6280000)
  to   space 1536K, 0% used [0x00000000d6000000,0x00000000d6000000,0x00000000d6180000)
 ParOldGen       total 777216K, used 776728K [0x0000000080000000, 0x00000000af700000, 0x00000000d5580000)
  object space 777216K, 99% used [0x0000000080000000,0x00000000af686140,0x00000000af700000)
 Metaspace       used 70695K, committed 72192K, reserved 1114112K
  class space    used 7446K, committed 8064K, reserved 1048576K
}
Event: 54.082 GC heap after
{Heap after GC invocations=1294 (full 3):
 PSYoungGen      total 12288K, used 939K [0x00000000d5580000, 0x00000000d6280000, 0x0000000100000000)
  eden space 10752K, 0% used [0x00000000d5580000,0x00000000d5580000,0x00000000d6000000)
  from space 1536K, 61% used [0x00000000d6000000,0x00000000d60eaf58,0x00000000d6180000)
  to   space 1024K, 0% used [0x00000000d6180000,0x00000000d6180000,0x00000000d6280000)
 ParOldGen       total 777216K, used 777059K [0x0000000080000000, 0x00000000af700000, 0x00000000d5580000)
  object space 777216K, 99% used [0x0000000080000000,0x00000000af6d8d48,0x00000000af700000)
 Metaspace       used 70695K, committed 72192K, reserved 1114112K
  class space    used 7446K, committed 8064K, reserved 1048576K
}
Event: 54.098 GC heap before
{Heap before GC invocations=1295 (full 3):
 PSYoungGen      total 12288K, used 11691K [0x00000000d5580000, 0x00000000d6280000, 0x0000000100000000)
  eden space 10752K, 100% used [0x00000000d5580000,0x00000000d6000000,0x00000000d6000000)
  from space 1536K, 61% used [0x00000000d6000000,0x00000000d60eaf58,0x00000000d6180000)
  to   space 1024K, 0% used [0x00000000d6180000,0x00000000d6180000,0x00000000d6280000)
 ParOldGen       total 777216K, used 777059K [0x0000000080000000, 0x00000000af700000, 0x00000000d5580000)
  object space 777216K, 99% used [0x0000000080000000,0x00000000af6d8d48,0x00000000af700000)
 Metaspace       used 70729K, committed 72256K, reserved 1114112K
  class space    used 7448K, committed 8064K, reserved 1048576K
}
Event: 54.101 GC heap after
{Heap after GC invocations=1295 (full 3):
 PSYoungGen      total 11776K, used 920K [0x00000000d5580000, 0x00000000d6280000, 0x0000000100000000)
  eden space 10752K, 0% used [0x00000000d5580000,0x00000000d5580000,0x00000000d6000000)
  from space 1024K, 89% used [0x00000000d6180000,0x00000000d6266148,0x00000000d6280000)
  to   space 1024K, 0% used [0x00000000d6080000,0x00000000d6080000,0x00000000d6180000)
 ParOldGen       total 777728K, used 777691K [0x0000000080000000, 0x00000000af780000, 0x00000000d5580000)
  object space 777728K, 99% used [0x0000000080000000,0x00000000af776d48,0x00000000af780000)
 Metaspace       used 70729K, committed 72256K, reserved 1114112K
  class space    used 7448K, committed 8064K, reserved 1048576K
}
Event: 54.118 GC heap before
{Heap before GC invocations=1296 (full 3):
 PSYoungGen      total 11776K, used 11672K [0x00000000d5580000, 0x00000000d6280000, 0x0000000100000000)
  eden space 10752K, 100% used [0x00000000d5580000,0x00000000d6000000,0x00000000d6000000)
  from space 1024K, 89% used [0x00000000d6180000,0x00000000d6266148,0x00000000d6280000)
  to   space 1024K, 0% used [0x00000000d6080000,0x00000000d6080000,0x00000000d6180000)
 ParOldGen       total 777728K, used 777691K [0x0000000080000000, 0x00000000af780000, 0x00000000d5580000)
  object space 777728K, 99% used [0x0000000080000000,0x00000000af776d88,0x00000000af780000)
 Metaspace       used 70755K, committed 72256K, reserved 1114112K
  class space    used 7453K, committed 8064K, reserved 1048576K
}
Event: 54.121 GC heap after
{Heap after GC invocations=1296 (full 3):
 PSYoungGen      total 11776K, used 960K [0x00000000d5580000, 0x00000000d6200000, 0x0000000100000000)
  eden space 10752K, 0% used [0x00000000d5580000,0x00000000d5580000,0x00000000d6000000)
  from space 1024K, 93% used [0x00000000d6080000,0x00000000d6170000,0x00000000d6180000)
  to   space 512K, 0% used [0x00000000d6180000,0x00000000d6180000,0x00000000d6200000)
 ParOldGen       total 778752K, used 778401K [0x0000000080000000, 0x00000000af880000, 0x00000000d5580000)
  object space 778752K, 99% used [0x0000000080000000,0x00000000af828590,0x00000000af880000)
 Metaspace       used 70755K, committed 72256K, reserved 1114112K
  class space    used 7453K, committed 8064K, reserved 1048576K
}
Event: 54.146 GC heap before
{Heap before GC invocations=1297 (full 3):
 PSYoungGen      total 11776K, used 11712K [0x00000000d5580000, 0x00000000d6200000, 0x0000000100000000)
  eden space 10752K, 100% used [0x00000000d5580000,0x00000000d6000000,0x00000000d6000000)
  from space 1024K, 93% used [0x00000000d6080000,0x00000000d6170000,0x00000000d6180000)
  to   space 512K, 0% used [0x00000000d6180000,0x00000000d6180000,0x00000000d6200000)
 ParOldGen       total 778752K, used 778403K [0x0000000080000000, 0x00000000af880000, 0x00000000d5580000)
  object space 778752K, 99% used [0x0000000080000000,0x00000000af828d38,0x00000000af880000)
 Metaspace       used 70836K, committed 72320K, reserved 1114112K
  class space    used 7462K, committed 8064K, reserved 1048576K
}
Event: 54.149 GC heap after
{Heap after GC invocations=1297 (full 3):
 PSYoungGen      total 11264K, used 384K [0x00000000d5580000, 0x00000000d6200000, 0x0000000100000000)
  eden space 10752K, 0% used [0x00000000d5580000,0x00000000d5580000,0x00000000d6000000)
  from space 512K, 75% used [0x00000000d6180000,0x00000000d61e0230,0x00000000d6200000)
  to   space 1024K, 0% used [0x00000000d6000000,0x00000000d6000000,0x00000000d6100000)
 ParOldGen       total 779264K, used 779259K [0x0000000080000000, 0x00000000af900000, 0x00000000d5580000)
  object space 779264K, 99% used [0x0000000080000000,0x00000000af8fed38,0x00000000af900000)
 Metaspace       used 70836K, committed 72320K, reserved 1114112K
  class space    used 7462K, committed 8064K, reserved 1048576K
}
Event: 54.164 GC heap before
{Heap before GC invocations=1298 (full 3):
 PSYoungGen      total 11264K, used 11136K [0x00000000d5580000, 0x00000000d6200000, 0x0000000100000000)
  eden space 10752K, 100% used [0x00000000d5580000,0x00000000d6000000,0x00000000d6000000)
  from space 512K, 75% used [0x00000000d6180000,0x00000000d61e0230,0x00000000d6200000)
  to   space 1024K, 0% used [0x00000000d6000000,0x00000000d6000000,0x00000000d6100000)
 ParOldGen       total 779264K, used 779259K [0x0000000080000000, 0x00000000af900000, 0x00000000d5580000)
  object space 779264K, 99% used [0x0000000080000000,0x00000000af8fed38,0x00000000af900000)
 Metaspace       used 70842K, committed 72320K, reserved 1114112K
  class space    used 7462K, committed 8064K, reserved 1048576K
}
Event: 54.166 GC heap after
{Heap after GC invocations=1298 (full 3):
 PSYoungGen      total 11776K, used 866K [0x00000000d5580000, 0x00000000d6200000, 0x0000000100000000)
  eden space 10752K, 0% used [0x00000000d5580000,0x00000000d5580000,0x00000000d6000000)
  from space 1024K, 84% used [0x00000000d6000000,0x00000000d60d8900,0x00000000d6100000)
  to   space 1024K, 0% used [0x00000000d6100000,0x00000000d6100000,0x00000000d6200000)
 ParOldGen       total 779776K, used 779411K [0x0000000080000000, 0x00000000af980000, 0x00000000d5580000)
  object space 779776K, 99% used [0x0000000080000000,0x00000000af924d38,0x00000000af980000)
 Metaspace       used 70842K, committed 72320K, reserved 1114112K
  class space    used 7462K, committed 8064K, reserved 1048576K
}
Event: 54.181 GC heap before
{Heap before GC invocations=1299 (full 3):
 PSYoungGen      total 11776K, used 11618K [0x00000000d5580000, 0x00000000d6200000, 0x0000000100000000)
  eden space 10752K, 100% used [0x00000000d5580000,0x00000000d6000000,0x00000000d6000000)
  from space 1024K, 84% used [0x00000000d6000000,0x00000000d60d8900,0x00000000d6100000)
  to   space 1024K, 0% used [0x00000000d6100000,0x00000000d6100000,0x00000000d6200000)
 ParOldGen       total 779776K, used 779411K [0x0000000080000000, 0x00000000af980000, 0x00000000d5580000)
  object space 779776K, 99% used [0x0000000080000000,0x00000000af924d38,0x00000000af980000)
 Metaspace       used 70854K, committed 72320K, reserved 1114112K
  class space    used 7462K, committed 8064K, reserved 1048576K
}
Event: 54.183 GC heap after
{Heap after GC invocations=1299 (full 3):
 PSYoungGen      total 11776K, used 736K [0x00000000d5580000, 0x00000000d6200000, 0x0000000100000000)
  eden space 10752K, 0% used [0x00000000d5580000,0x00000000d5580000,0x00000000d6000000)
  from space 1024K, 71% used [0x00000000d6100000,0x00000000d61b8000,0x00000000d6200000)
  to   space 1024K, 0% used [0x00000000d6000000,0x00000000d6000000,0x00000000d6100000)
 ParOldGen       total 780288K, used 779909K [0x0000000080000000, 0x00000000afa00000, 0x00000000d5580000)
  object space 780288K, 99% used [0x0000000080000000,0x00000000af9a16f0,0x00000000afa00000)
 Metaspace       used 70854K, committed 72320K, reserved 1114112K
  class space    used 7462K, committed 8064K, reserved 1048576K
}
Event: 54.228 GC heap before
{Heap before GC invocations=1300 (full 3):
 PSYoungGen      total 11776K, used 11488K [0x00000000d5580000, 0x00000000d6200000, 0x0000000100000000)
  eden space 10752K, 100% used [0x00000000d5580000,0x00000000d6000000,0x00000000d6000000)
  from space 1024K, 71% used [0x00000000d6100000,0x00000000d61b8000,0x00000000d6200000)
  to   space 1024K, 0% used [0x00000000d6000000,0x00000000d6000000,0x00000000d6100000)
 ParOldGen       total 780288K, used 779909K [0x0000000080000000, 0x00000000afa00000, 0x00000000d5580000)
  object space 780288K, 99% used [0x0000000080000000,0x00000000af9a16f0,0x00000000afa00000)
 Metaspace       used 70901K, committed 72384K, reserved 1114112K
  class space    used 7463K, committed 8064K, reserved 1048576K
}
Event: 54.230 GC heap after
{Heap after GC invocations=1300 (full 3):
 PSYoungGen      total 11776K, used 832K [0x00000000d5580000, 0x00000000d6200000, 0x0000000100000000)
  eden space 10752K, 0% used [0x00000000d5580000,0x00000000d5580000,0x00000000d6000000)
  from space 1024K, 81% used [0x00000000d6000000,0x00000000d60d0000,0x00000000d6100000)
  to   space 1024K, 0% used [0x00000000d6100000,0x00000000d6100000,0x00000000d6200000)
 ParOldGen       total 780800K, used 780504K [0x0000000080000000, 0x00000000afa80000, 0x00000000d5580000)
  object space 780800K, 99% used [0x0000000080000000,0x00000000afa362f8,0x00000000afa80000)
 Metaspace       used 70901K, committed 72384K, reserved 1114112K
  class space    used 7463K, committed 8064K, reserved 1048576K
}
Event: 54.285 GC heap before
{Heap before GC invocations=1301 (full 3):
 PSYoungGen      total 11776K, used 11584K [0x00000000d5580000, 0x00000000d6200000, 0x0000000100000000)
  eden space 10752K, 100% used [0x00000000d5580000,0x00000000d6000000,0x00000000d6000000)
  from space 1024K, 81% used [0x00000000d6000000,0x00000000d60d0000,0x00000000d6100000)
  to   space 1024K, 0% used [0x00000000d6100000,0x00000000d6100000,0x00000000d6200000)
 ParOldGen       total 780800K, used 780504K [0x0000000080000000, 0x00000000afa80000, 0x00000000d5580000)
  object space 780800K, 99% used [0x0000000080000000,0x00000000afa362f8,0x00000000afa80000)
 Metaspace       used 70926K, committed 72448K, reserved 1114112K
  class space    used 7466K, committed 8064K, reserved 1048576K
}
Event: 54.288 GC heap after
{Heap after GC invocations=1301 (full 3):
 PSYoungGen      total 11776K, used 672K [0x00000000d5580000, 0x00000000d6200000, 0x0000000100000000)
  eden space 10752K, 0% used [0x00000000d5580000,0x00000000d5580000,0x00000000d6000000)
  from space 1024K, 65% used [0x00000000d6100000,0x00000000d61a8230,0x00000000d6200000)
  to   space 1024K, 0% used [0x00000000d6000000,0x00000000d6000000,0x00000000d6100000)
 ParOldGen       total 781312K, used 780880K [0x0000000080000000, 0x00000000afb00000, 0x00000000d5580000)
  object space 781312K, 99% used [0x0000000080000000,0x00000000afa942f8,0x00000000afb00000)
 Metaspace       used 70926K, committed 72448K, reserved 1114112K
  class space    used 7466K, committed 8064K, reserved 1048576K
}
Event: 54.320 GC heap before
{Heap before GC invocations=1302 (full 3):
 PSYoungGen      total 11776K, used 11424K [0x00000000d5580000, 0x00000000d6200000, 0x0000000100000000)
  eden space 10752K, 99% used [0x00000000d5580000,0x00000000d5ffffe0,0x00000000d6000000)
  from space 1024K, 65% used [0x00000000d6100000,0x00000000d61a8230,0x00000000d6200000)
  to   space 1024K, 0% used [0x00000000d6000000,0x00000000d6000000,0x00000000d6100000)
 ParOldGen       total 781312K, used 780880K [0x0000000080000000, 0x00000000afb00000, 0x00000000d5580000)
  object space 781312K, 99% used [0x0000000080000000,0x00000000afa942f8,0x00000000afb00000)
 Metaspace       used 70949K, committed 72448K, reserved 1114112K
  class space    used 7467K, committed 8064K, reserved 1048576K
}
Event: 54.323 GC heap after
{Heap after GC invocations=1302 (full 3):
 PSYoungGen      total 11776K, used 1014K [0x00000000d5580000, 0x00000000d6400000, 0x0000000100000000)
  eden space 10752K, 0% used [0x00000000d5580000,0x00000000d5580000,0x00000000d6000000)
  from space 1024K, 99% used [0x00000000d6000000,0x00000000d60fd808,0x00000000d6100000)
  to   space 2048K, 0% used [0x00000000d6200000,0x00000000d6200000,0x00000000d6400000)
 ParOldGen       total 781824K, used 781608K [0x0000000080000000, 0x00000000afb80000, 0x00000000d5580000)
  object space 781824K, 99% used [0x0000000080000000,0x00000000afb4a398,0x00000000afb80000)
 Metaspace       used 70949K, committed 72448K, reserved 1114112K
  class space    used 7467K, committed 8064K, reserved 1048576K
}
Event: 54.355 GC heap before
{Heap before GC invocations=1303 (full 3):
 PSYoungGen      total 11776K, used 11766K [0x00000000d5580000, 0x00000000d6400000, 0x0000000100000000)
  eden space 10752K, 100% used [0x00000000d5580000,0x00000000d6000000,0x00000000d6000000)
  from space 1024K, 99% used [0x00000000d6000000,0x00000000d60fd808,0x00000000d6100000)
  to   space 2048K, 0% used [0x00000000d6200000,0x00000000d6200000,0x00000000d6400000)
 ParOldGen       total 781824K, used 781612K [0x0000000080000000, 0x00000000afb80000, 0x00000000d5580000)
  object space 781824K, 99% used [0x0000000080000000,0x00000000afb4b3a8,0x00000000afb80000)
 Metaspace       used 70978K, committed 72448K, reserved 1114112K
  class space    used 7468K, committed 8064K, reserved 1048576K
}
Event: 54.358 GC heap after
{Heap after GC invocations=1303 (full 3):
 PSYoungGen      total 12288K, used 1280K [0x00000000d5580000, 0x00000000d6380000, 0x0000000100000000)
  eden space 10752K, 0% used [0x00000000d5580000,0x00000000d5580000,0x00000000d6000000)
  from space 1536K, 83% used [0x00000000d6200000,0x00000000d6340000,0x00000000d6380000)
  to   space 1536K, 0% used [0x00000000d6080000,0x00000000d6080000,0x00000000d6200000)
 ParOldGen       total 782848K, used 782626K [0x0000000080000000, 0x00000000afc80000, 0x00000000d5580000)
  object space 782848K, 99% used [0x0000000080000000,0x00000000afc48bc0,0x00000000afc80000)
 Metaspace       used 70978K, committed 72448K, reserved 1114112K
  class space    used 7468K, committed 8064K, reserved 1048576K
}

Dll operation events (12 events):
Event: 0.041 Loaded shared library c:\Users\Asus\.vscode\extensions\redhat.java-1.43.1-win32-x64\jre\21.0.7-win32-x86_64\bin\java.dll
Event: 0.127 Loaded shared library c:\Users\Asus\.vscode\extensions\redhat.java-1.43.1-win32-x64\jre\21.0.7-win32-x86_64\bin\zip.dll
Event: 0.153 Loaded shared library C:\Users\Asus\.vscode\extensions\redhat.java-1.43.1-win32-x64\jre\21.0.7-win32-x86_64\bin\instrument.dll
Event: 0.160 Loaded shared library C:\Users\Asus\.vscode\extensions\redhat.java-1.43.1-win32-x64\jre\21.0.7-win32-x86_64\bin\net.dll
Event: 0.163 Loaded shared library C:\Users\Asus\.vscode\extensions\redhat.java-1.43.1-win32-x64\jre\21.0.7-win32-x86_64\bin\nio.dll
Event: 0.166 Loaded shared library C:\Users\Asus\.vscode\extensions\redhat.java-1.43.1-win32-x64\jre\21.0.7-win32-x86_64\bin\zip.dll
Event: 0.186 Loaded shared library C:\Users\Asus\.vscode\extensions\redhat.java-1.43.1-win32-x64\jre\21.0.7-win32-x86_64\bin\jimage.dll
Event: 0.275 Loaded shared library c:\Users\Asus\.vscode\extensions\redhat.java-1.43.1-win32-x64\jre\21.0.7-win32-x86_64\bin\verify.dll
Event: 7.611 Loaded shared library C:\Users\Asus\AppData\Roaming\Code\User\globalStorage\redhat.java\1.43.1\config_win\org.eclipse.equinox.launcher\org.eclipse.equinox.launcher.win32.win32.x86_64_1.2.1300.v20250331-1702\eclipse_11911.dll
Event: 16.146 Loaded shared library C:\Users\Asus\AppData\Local\Temp\jna-2050672\jna10018522032263674473.dll
Event: 18.041 Loaded shared library C:\Users\Asus\.vscode\extensions\redhat.java-1.43.1-win32-x64\jre\21.0.7-win32-x86_64\bin\sunmscapi.dll
Event: 18.295 Loaded shared library C:\Users\Asus\.vscode\extensions\redhat.java-1.43.1-win32-x64\jre\21.0.7-win32-x86_64\bin\extnet.dll

Deoptimization events (20 events):
Event: 53.298 Thread 0x000001cc58aead20 Uncommon trap: trap_request=0xffffff45 fr.pc=0x000001cc081e35cc relative=0x000000000000028c
Event: 53.298 Thread 0x000001cc58aead20 Uncommon trap: reason=unstable_if action=reinterpret pc=0x000001cc081e35cc method=org.eclipse.core.internal.watson.ElementTree.getElementData(Lorg/eclipse/core/runtime/IPath;)Ljava/lang/Object; @ 29 c2
Event: 53.298 Thread 0x000001cc58aead20 DEOPT PACKING pc=0x000001cc081e35cc sp=0x000000815abfdf70
Event: 53.298 Thread 0x000001cc58aead20 DEOPT UNPACKING pc=0x000001cc07583aa2 sp=0x000000815abfdf18 mode 2
Event: 53.542 Thread 0x000001cc58aead20 Uncommon trap: trap_request=0xffffff45 fr.pc=0x000001cc08185e78 relative=0x0000000000000298
Event: 53.542 Thread 0x000001cc58aead20 Uncommon trap: reason=unstable_if action=reinterpret pc=0x000001cc08185e78 method=java.util.regex.Pattern.escape(ZZZ)I @ 8 c2
Event: 53.542 Thread 0x000001cc58aead20 DEOPT PACKING pc=0x000001cc08185e78 sp=0x000000815abfcb40
Event: 53.542 Thread 0x000001cc58aead20 DEOPT UNPACKING pc=0x000001cc07583aa2 sp=0x000000815abfcab8 mode 2
Event: 53.902 Thread 0x000001cc51a6dbe0 Uncommon trap: trap_request=0xffffff45 fr.pc=0x000001cc085eb3b4 relative=0x00000000000004d4
Event: 53.902 Thread 0x000001cc51a6dbe0 Uncommon trap: reason=unstable_if action=reinterpret pc=0x000001cc085eb3b4 method=org.eclipse.jdt.internal.compiler.classfmt.FieldInfo.decodeAnnotations(IZ)[Lorg/eclipse/jdt/internal/compiler/classfmt/AnnotationInfo; @ 160 c2
Event: 53.902 Thread 0x000001cc51a6dbe0 DEOPT PACKING pc=0x000001cc085eb3b4 sp=0x0000008159aff060
Event: 53.902 Thread 0x000001cc51a6dbe0 DEOPT UNPACKING pc=0x000001cc07583aa2 sp=0x0000008159afefd0 mode 2
Event: 54.305 Thread 0x000001cc58aead20 Uncommon trap: trap_request=0xffffff45 fr.pc=0x000001cc0860be24 relative=0x0000000000000304
Event: 54.305 Thread 0x000001cc58aead20 Uncommon trap: reason=unstable_if action=reinterpret pc=0x000001cc0860be24 method=java.util.HashMap.keysToArray([Ljava/lang/Object;)[Ljava/lang/Object; @ 9 c2
Event: 54.305 Thread 0x000001cc58aead20 DEOPT PACKING pc=0x000001cc0860be24 sp=0x000000815abfdb40
Event: 54.305 Thread 0x000001cc58aead20 DEOPT UNPACKING pc=0x000001cc07583aa2 sp=0x000000815abfdac8 mode 2
Event: 54.354 Thread 0x000001cc58aead20 Uncommon trap: trap_request=0xffffffde fr.pc=0x000001cc083793cc relative=0x00000000000004ec
Event: 54.354 Thread 0x000001cc58aead20 Uncommon trap: reason=class_check action=maybe_recompile pc=0x000001cc083793cc method=java.util.AbstractMap.hashCode()I @ 3 c2
Event: 54.354 Thread 0x000001cc58aead20 DEOPT PACKING pc=0x000001cc083793cc sp=0x000000815abfd380
Event: 54.355 Thread 0x000001cc58aead20 DEOPT UNPACKING pc=0x000001cc07583aa2 sp=0x000000815abfd320 mode 2

Classes loaded (20 events):
Event: 31.578 Loading class com/sun/crypto/provider/ChaCha20Cipher$EngineAEADEnc
Event: 31.578 Loading class com/sun/crypto/provider/ChaCha20Cipher$ChaChaEngine
Event: 31.578 Loading class com/sun/crypto/provider/ChaCha20Cipher$ChaChaEngine done
Event: 31.578 Loading class com/sun/crypto/provider/ChaCha20Cipher$EngineAEADEnc done
Event: 31.578 Loading class com/sun/crypto/provider/Poly1305
Event: 31.578 Loading class com/sun/crypto/provider/Poly1305 done
Event: 31.578 Loading class sun/security/util/math/intpoly/IntegerPolynomial1305
Event: 31.579 Loading class sun/security/util/math/intpoly/IntegerPolynomial1305 done
Event: 31.643 Loading class sun/security/ssl/SSLCipher$T12CC20P1305ReadCipherGenerator$CC20P1305ReadCipher
Event: 31.647 Loading class sun/security/ssl/SSLCipher$T12CC20P1305ReadCipherGenerator$CC20P1305ReadCipher done
Event: 31.647 Loading class com/sun/crypto/provider/ChaCha20Cipher$EngineAEADDec
Event: 31.647 Loading class com/sun/crypto/provider/ChaCha20Cipher$EngineAEADDec done
Event: 31.736 Loading class java/nio/HeapByteBufferR
Event: 31.736 Loading class java/nio/HeapByteBufferR done
Event: 33.488 Loading class sun/nio/fs/WindowsFileCopy
Event: 33.489 Loading class sun/nio/fs/WindowsFileCopy done
Event: 53.290 Loading class java/util/HashMap$EntrySpliterator
Event: 53.290 Loading class java/util/HashMap$EntrySpliterator done
Event: 54.112 Loading class java/io/BufferedReader$1
Event: 54.112 Loading class java/io/BufferedReader$1 done

Classes unloaded (7 events):
Event: 16.655 Thread 0x000001cc785eea10 Unloading class 0x000001cc1019d000 'java/lang/invoke/LambdaForm$MH+0x000001cc1019d000'
Event: 16.655 Thread 0x000001cc785eea10 Unloading class 0x000001cc1019cc00 'java/lang/invoke/LambdaForm$MH+0x000001cc1019cc00'
Event: 16.655 Thread 0x000001cc785eea10 Unloading class 0x000001cc1019c800 'java/lang/invoke/LambdaForm$MH+0x000001cc1019c800'
Event: 16.655 Thread 0x000001cc785eea10 Unloading class 0x000001cc1019c400 'java/lang/invoke/LambdaForm$MH+0x000001cc1019c400'
Event: 16.655 Thread 0x000001cc785eea10 Unloading class 0x000001cc1019c000 'java/lang/invoke/LambdaForm$BMH+0x000001cc1019c000'
Event: 16.655 Thread 0x000001cc785eea10 Unloading class 0x000001cc1019bc00 'java/lang/invoke/LambdaForm$DMH+0x000001cc1019bc00'
Event: 16.655 Thread 0x000001cc785eea10 Unloading class 0x000001cc1019a800 'java/lang/invoke/LambdaForm$DMH+0x000001cc1019a800'

Classes redefined (0 events):
No events

Internal exceptions (20 events):
Event: 54.221 Thread 0x000001cc58aead20 Exception <a 'sun/nio/fs/WindowsException'{0x00000000d5d46110}> (0x00000000d5d46110) 
thrown [s\src\hotspot\share\prims\jni.cpp, line 520]
Event: 54.224 Thread 0x000001cc58aead20 Exception <a 'sun/nio/fs/WindowsException'{0x00000000d5e942f8}> (0x00000000d5e942f8) 
thrown [s\src\hotspot\share\prims\jni.cpp, line 520]
Event: 54.224 Thread 0x000001cc58aead20 Exception <a 'sun/nio/fs/WindowsException'{0x00000000d5e94ea8}> (0x00000000d5e94ea8) 
thrown [s\src\hotspot\share\prims\jni.cpp, line 520]
Event: 54.225 Thread 0x000001cc58aead20 Exception <a 'sun/nio/fs/WindowsException'{0x00000000d5f08cc8}> (0x00000000d5f08cc8) 
thrown [s\src\hotspot\share\prims\jni.cpp, line 520]
Event: 54.225 Thread 0x000001cc58aead20 Exception <a 'sun/nio/fs/WindowsException'{0x00000000d5f32cf8}> (0x00000000d5f32cf8) 
thrown [s\src\hotspot\share\prims\jni.cpp, line 520]
Event: 54.234 Thread 0x000001cc58aead20 Exception <a 'sun/nio/fs/WindowsException'{0x00000000d56f4b08}> (0x00000000d56f4b08) 
thrown [s\src\hotspot\share\prims\jni.cpp, line 520]
Event: 54.235 Thread 0x000001cc58aead20 Exception <a 'sun/nio/fs/WindowsException'{0x00000000d56f56b8}> (0x00000000d56f56b8) 
thrown [s\src\hotspot\share\prims\jni.cpp, line 520]
Event: 54.273 Thread 0x000001cc51a6dbe0 Exception <a 'sun/nio/fs/WindowsException'{0x00000000d5cda680}> (0x00000000d5cda680) 
thrown [s\src\hotspot\share\prims\jni.cpp, line 520]
Event: 54.292 Thread 0x000001cc58aead20 Exception <a 'sun/nio/fs/WindowsException'{0x00000000d56cf060}> (0x00000000d56cf060) 
thrown [s\src\hotspot\share\prims\jni.cpp, line 520]
Event: 54.292 Thread 0x000001cc58aead20 Exception <a 'sun/nio/fs/WindowsException'{0x00000000d56cf960}> (0x00000000d56cf960) 
thrown [s\src\hotspot\share\prims\jni.cpp, line 520]
Event: 54.311 Thread 0x000001cc58aead20 Exception <a 'sun/nio/fs/WindowsException'{0x00000000d5ca7248}> (0x00000000d5ca7248) 
thrown [s\src\hotspot\share\prims\jni.cpp, line 520]
Event: 54.311 Thread 0x000001cc58aead20 Exception <a 'sun/nio/fs/WindowsException'{0x00000000d5ca7b48}> (0x00000000d5ca7b48) 
thrown [s\src\hotspot\share\prims\jni.cpp, line 520]
Event: 54.317 Thread 0x000001cc58aead20 Exception <a 'sun/nio/fs/WindowsException'{0x00000000d5ea1a68}> (0x00000000d5ea1a68) 
thrown [s\src\hotspot\share\prims\jni.cpp, line 520]
Event: 54.318 Thread 0x000001cc58aead20 Exception <a 'sun/nio/fs/WindowsException'{0x00000000d5ea2368}> (0x00000000d5ea2368) 
thrown [s\src\hotspot\share\prims\jni.cpp, line 520]
Event: 54.340 Thread 0x000001cc58aead20 Exception <a 'sun/nio/fs/WindowsException'{0x00000000d5afdb10}> (0x00000000d5afdb10) 
thrown [s\src\hotspot\share\prims\jni.cpp, line 520]
Event: 54.340 Thread 0x000001cc58aeeec0 Exception <a 'sun/nio/fs/WindowsException'{0x00000000d5bc1620}> (0x00000000d5bc1620) 
thrown [s\src\hotspot\share\prims\jni.cpp, line 520]
Event: 54.341 Thread 0x000001cc58aef550 Exception <a 'sun/nio/fs/WindowsException'{0x00000000d5c0f2e0}> (0x00000000d5c0f2e0) 
thrown [s\src\hotspot\share\prims\jni.cpp, line 520]
Event: 54.344 Thread 0x000001cc58aead20 Exception <a 'sun/nio/fs/WindowsException'{0x00000000d5bbf908}> (0x00000000d5bbf908) 
thrown [s\src\hotspot\share\prims\jni.cpp, line 520]
Event: 54.345 Thread 0x000001cc58aeeec0 Exception <a 'sun/nio/fs/WindowsException'{0x00000000d5bc2520}> (0x00000000d5bc2520) 
thrown [s\src\hotspot\share\prims\jni.cpp, line 520]
Event: 54.345 Thread 0x000001cc58aef550 Exception <a 'sun/nio/fs/WindowsException'{0x00000000d5c102b0}> (0x00000000d5c102b0) 
thrown [s\src\hotspot\share\prims\jni.cpp, line 520]

ZGC Phase Switch (0 events):
No events

VM Operations (20 events):
Event: 54.118 Executing VM operation: ParallelGCFailedAllocation (Allocation Failure) done
Event: 54.118 Executing VM operation: ParallelGCSystemGC (GCLocker Initiated GC)
Event: 54.121 Executing VM operation: ParallelGCSystemGC (GCLocker Initiated GC) done
Event: 54.146 Executing VM operation: ParallelGCFailedAllocation (Allocation Failure)
Event: 54.149 Executing VM operation: ParallelGCFailedAllocation (Allocation Failure) done
Event: 54.164 Executing VM operation: ParallelGCFailedAllocation (Allocation Failure)
Event: 54.166 Executing VM operation: ParallelGCFailedAllocation (Allocation Failure) done
Event: 54.181 Executing VM operation: ParallelGCFailedAllocation (Allocation Failure)
Event: 54.183 Executing VM operation: ParallelGCFailedAllocation (Allocation Failure) done
Event: 54.228 Executing VM operation: ParallelGCFailedAllocation (Allocation Failure)
Event: 54.230 Executing VM operation: ParallelGCFailedAllocation (Allocation Failure) done
Event: 54.285 Executing VM operation: ParallelGCFailedAllocation (Allocation Failure)
Event: 54.288 Executing VM operation: ParallelGCFailedAllocation (Allocation Failure) done
Event: 54.320 Executing VM operation: ParallelGCFailedAllocation (Allocation Failure)
Event: 54.323 Executing VM operation: ParallelGCFailedAllocation (Allocation Failure) done
Event: 54.355 Executing VM operation: ParallelGCFailedAllocation (Allocation Failure)
Event: 54.355 Executing VM operation: ParallelGCFailedAllocation (Allocation Failure) done
Event: 54.355 Executing VM operation: ParallelGCSystemGC (GCLocker Initiated GC)
Event: 54.358 Executing VM operation: ParallelGCSystemGC (GCLocker Initiated GC) done
Event: 55.365 Executing VM operation: Cleanup

Memory protections (0 events):
No events

Nmethod flushes (20 events):
Event: 21.408 Thread 0x000001cc785eea10 flushing  nmethod 0x000001cc0082c510
Event: 21.408 Thread 0x000001cc785eea10 flushing  nmethod 0x000001cc0084a110
Event: 21.408 Thread 0x000001cc785eea10 flushing  nmethod 0x000001cc0084de10
Event: 21.408 Thread 0x000001cc785eea10 flushing  nmethod 0x000001cc00882190
Event: 21.408 Thread 0x000001cc785eea10 flushing  nmethod 0x000001cc008adb90
Event: 21.408 Thread 0x000001cc785eea10 flushing  nmethod 0x000001cc008b2110
Event: 21.408 Thread 0x000001cc785eea10 flushing  nmethod 0x000001cc008b5b90
Event: 21.408 Thread 0x000001cc785eea10 flushing  nmethod 0x000001cc008c8a10
Event: 21.408 Thread 0x000001cc785eea10 flushing  nmethod 0x000001cc008cc290
Event: 21.408 Thread 0x000001cc785eea10 flushing  nmethod 0x000001cc008d5310
Event: 21.408 Thread 0x000001cc785eea10 flushing  nmethod 0x000001cc008d7310
Event: 21.408 Thread 0x000001cc785eea10 flushing  nmethod 0x000001cc008d7910
Event: 21.408 Thread 0x000001cc785eea10 flushing  nmethod 0x000001cc008d8190
Event: 21.408 Thread 0x000001cc785eea10 flushing  nmethod 0x000001cc008da810
Event: 21.408 Thread 0x000001cc785eea10 flushing  nmethod 0x000001cc00925290
Event: 21.408 Thread 0x000001cc785eea10 flushing  nmethod 0x000001cc009aa590
Event: 21.408 Thread 0x000001cc785eea10 flushing  nmethod 0x000001cc009b6210
Event: 21.408 Thread 0x000001cc785eea10 flushing  nmethod 0x000001cc009c7f10
Event: 21.408 Thread 0x000001cc785eea10 flushing  nmethod 0x000001cc009d8710
Event: 21.408 Thread 0x000001cc785eea10 flushing  nmethod 0x000001cc009d8f10

Events (20 events):
Event: 40.732 Thread 0x000001cc58aead20 Thread added: 0x000001cc59869ef0
Event: 40.877 Thread 0x000001cc59869ef0 Thread exited: 0x000001cc59869ef0
Event: 40.877 Thread 0x000001cc59869860 Thread exited: 0x000001cc59869860
Event: 40.877 Thread 0x000001cc59868b40 Thread exited: 0x000001cc59868b40
Event: 40.878 Thread 0x000001cc59867e20 Thread exited: 0x000001cc59867e20
Event: 40.879 Thread 0x000001cc59866a70 Thread exited: 0x000001cc59866a70
Event: 41.380 Thread 0x000001cc584f4a20 Thread exited: 0x000001cc584f4a20
Event: 42.384 Thread 0x000001cc51a6a760 Thread added: 0x000001cc59868b40
Event: 43.693 Thread 0x000001cc784d49f0 Thread added: 0x000001cc584f4a20
Event: 45.552 Thread 0x000001cc584f4a20 Thread exited: 0x000001cc584f4a20
Event: 50.387 Thread 0x000001cc784e50f0 Thread added: 0x000001cc584f4a20
Event: 52.486 Thread 0x000001cc584f4a20 Thread exited: 0x000001cc584f4a20
Event: 53.561 Thread 0x000001cc58aead20 Thread added: 0x000001cc59867e20
Event: 53.562 Thread 0x000001cc59867e20 Thread exited: 0x000001cc59867e20
Event: 53.767 Thread 0x000001cc784e50f0 Thread added: 0x000001cc594099e0
Event: 53.956 Thread 0x000001cc594099e0 Thread exited: 0x000001cc594099e0
Event: 54.091 Thread 0x000001cc784e50f0 Thread added: 0x000001cc594099e0
Event: 54.107 Thread 0x000001cc58aead20 Thread added: 0x000001cc59869860
Event: 54.108 Thread 0x000001cc59869860 Thread exited: 0x000001cc59869860
Event: 54.604 Thread 0x000001cc594099e0 Thread exited: 0x000001cc594099e0


Dynamic libraries:
0x00007ff687f10000 - 0x00007ff687f1e000 	c:\Users\Asus\.vscode\extensions\redhat.java-1.43.1-win32-x64\jre\21.0.7-win32-x86_64\bin\java.exe
0x00007ffb2f6e0000 - 0x00007ffb2f948000 	C:\WINDOWS\SYSTEM32\ntdll.dll
0x00007ffb2eb80000 - 0x00007ffb2ec49000 	C:\WINDOWS\System32\KERNEL32.DLL
0x00007ffb2ca10000 - 0x00007ffb2cdfd000 	C:\WINDOWS\System32\KERNELBASE.dll
0x00007ffb2d1b0000 - 0x00007ffb2d2fb000 	C:\WINDOWS\System32\ucrtbase.dll
0x00007ffb21cb0000 - 0x00007ffb21cce000 	c:\Users\Asus\.vscode\extensions\redhat.java-1.43.1-win32-x64\jre\21.0.7-win32-x86_64\bin\VCRUNTIME140.dll
0x00007ffb1b9e0000 - 0x00007ffb1b9f8000 	c:\Users\Asus\.vscode\extensions\redhat.java-1.43.1-win32-x64\jre\21.0.7-win32-x86_64\bin\jli.dll
0x00007ffb2e7b0000 - 0x00007ffb2e97c000 	C:\WINDOWS\System32\USER32.dll
0x00007ffb13ed0000 - 0x00007ffb1416a000 	C:\WINDOWS\WinSxS\amd64_microsoft.windows.common-controls_6595b64144ccf1df_6.0.26100.4484_none_3e0e6d4ce32ef3b3\COMCTL32.dll
0x00007ffb2ce00000 - 0x00007ffb2ce27000 	C:\WINDOWS\System32\win32u.dll
0x00007ffb2f410000 - 0x00007ffb2f4b9000 	C:\WINDOWS\System32\msvcrt.dll
0x00007ffb2f220000 - 0x00007ffb2f24b000 	C:\WINDOWS\System32\GDI32.dll
0x00007ffb2cef0000 - 0x00007ffb2d027000 	C:\WINDOWS\System32\gdi32full.dll
0x00007ffb2c830000 - 0x00007ffb2c8d3000 	C:\WINDOWS\System32\msvcp_win.dll
0x00007ffb2e420000 - 0x00007ffb2e44f000 	C:\WINDOWS\System32\IMM32.DLL
0x00007ffb21eb0000 - 0x00007ffb21ebc000 	c:\Users\Asus\.vscode\extensions\redhat.java-1.43.1-win32-x64\jre\21.0.7-win32-x86_64\bin\vcruntime140_1.dll
0x00007ffb10f20000 - 0x00007ffb10fad000 	c:\Users\Asus\.vscode\extensions\redhat.java-1.43.1-win32-x64\jre\21.0.7-win32-x86_64\bin\msvcp140.dll
0x00007ffac7090000 - 0x00007ffac7e20000 	c:\Users\Asus\.vscode\extensions\redhat.java-1.43.1-win32-x64\jre\21.0.7-win32-x86_64\bin\server\jvm.dll
0x00007ffb2f4c0000 - 0x00007ffb2f574000 	C:\WINDOWS\System32\ADVAPI32.dll
0x00007ffb2e190000 - 0x00007ffb2e236000 	C:\WINDOWS\System32\sechost.dll
0x00007ffb2f580000 - 0x00007ffb2f698000 	C:\WINDOWS\System32\RPCRT4.dll
0x00007ffb2e460000 - 0x00007ffb2e4d4000 	C:\WINDOWS\System32\WS2_32.dll
0x00007ffb2c680000 - 0x00007ffb2c6de000 	C:\WINDOWS\SYSTEM32\POWRPROF.dll
0x00007ffb19a00000 - 0x00007ffb19a35000 	C:\WINDOWS\SYSTEM32\WINMM.dll
0x00007ffb251e0000 - 0x00007ffb251eb000 	C:\WINDOWS\SYSTEM32\VERSION.dll
0x00007ffb2c660000 - 0x00007ffb2c674000 	C:\WINDOWS\SYSTEM32\UMPDC.dll
0x00007ffb2b5a0000 - 0x00007ffb2b5bb000 	C:\WINDOWS\SYSTEM32\kernel.appcore.dll
0x00007ffb21ea0000 - 0x00007ffb21eaa000 	c:\Users\Asus\.vscode\extensions\redhat.java-1.43.1-win32-x64\jre\21.0.7-win32-x86_64\bin\jimage.dll
0x00007ffb29fa0000 - 0x00007ffb2a1e1000 	C:\WINDOWS\SYSTEM32\DBGHELP.DLL
0x00007ffb2edc0000 - 0x00007ffb2f146000 	C:\WINDOWS\System32\combase.dll
0x00007ffb2d490000 - 0x00007ffb2d570000 	C:\WINDOWS\System32\OLEAUT32.dll
0x00007ffb10b80000 - 0x00007ffb10bc3000 	C:\WINDOWS\SYSTEM32\dbgcore.DLL
0x00007ffb2c970000 - 0x00007ffb2ca09000 	C:\WINDOWS\System32\bcryptPrimitives.dll
0x00007ffb1ba30000 - 0x00007ffb1ba3f000 	c:\Users\Asus\.vscode\extensions\redhat.java-1.43.1-win32-x64\jre\21.0.7-win32-x86_64\bin\instrument.dll
0x00007ffb12680000 - 0x00007ffb1269f000 	c:\Users\Asus\.vscode\extensions\redhat.java-1.43.1-win32-x64\jre\21.0.7-win32-x86_64\bin\java.dll
0x00007ffb2da40000 - 0x00007ffb2e18a000 	C:\WINDOWS\System32\SHELL32.dll
0x00007ffb2d030000 - 0x00007ffb2d1a4000 	C:\WINDOWS\System32\wintypes.dll
0x00007ffb2a450000 - 0x00007ffb2acab000 	C:\WINDOWS\SYSTEM32\windows.storage.dll
0x00007ffb2f250000 - 0x00007ffb2f345000 	C:\WINDOWS\System32\SHCORE.dll
0x00007ffb2eb10000 - 0x00007ffb2eb7a000 	C:\WINDOWS\System32\shlwapi.dll
0x00007ffb2c740000 - 0x00007ffb2c76f000 	C:\WINDOWS\SYSTEM32\profapi.dll
0x00007ffb11e20000 - 0x00007ffb11e38000 	c:\Users\Asus\.vscode\extensions\redhat.java-1.43.1-win32-x64\jre\21.0.7-win32-x86_64\bin\zip.dll
0x00007ffb1ba20000 - 0x00007ffb1ba30000 	C:\Users\Asus\.vscode\extensions\redhat.java-1.43.1-win32-x64\jre\21.0.7-win32-x86_64\bin\net.dll
0x00007ffb23e50000 - 0x00007ffb23f6e000 	C:\WINDOWS\SYSTEM32\WINHTTP.dll
0x00007ffb2bb60000 - 0x00007ffb2bbca000 	C:\WINDOWS\system32\mswsock.dll
0x00007ffb11de0000 - 0x00007ffb11df6000 	C:\Users\Asus\.vscode\extensions\redhat.java-1.43.1-win32-x64\jre\21.0.7-win32-x86_64\bin\nio.dll
0x00007ffb12780000 - 0x00007ffb12790000 	c:\Users\Asus\.vscode\extensions\redhat.java-1.43.1-win32-x64\jre\21.0.7-win32-x86_64\bin\verify.dll
0x00007ffb11c50000 - 0x00007ffb11c95000 	C:\Users\Asus\AppData\Roaming\Code\User\globalStorage\redhat.java\1.43.1\config_win\org.eclipse.equinox.launcher\org.eclipse.equinox.launcher.win32.win32.x86_64_1.2.1300.v20250331-1702\eclipse_11911.dll
0x00007ffb2e570000 - 0x00007ffb2e70e000 	C:\WINDOWS\System32\ole32.dll
0x00007ffb2be10000 - 0x00007ffb2be2b000 	C:\WINDOWS\SYSTEM32\CRYPTSP.dll
0x00007ffb2b500000 - 0x00007ffb2b53b000 	C:\WINDOWS\system32\rsaenh.dll
0x00007ffb2bc00000 - 0x00007ffb2bc2b000 	C:\WINDOWS\SYSTEM32\USERENV.dll
0x00007ffb2c710000 - 0x00007ffb2c736000 	C:\WINDOWS\SYSTEM32\bcrypt.dll
0x00007ffb2be30000 - 0x00007ffb2be3c000 	C:\WINDOWS\SYSTEM32\CRYPTBASE.dll
0x00007ffb2afa0000 - 0x00007ffb2afd3000 	C:\WINDOWS\SYSTEM32\IPHLPAPI.DLL
0x00007ffb2d480000 - 0x00007ffb2d48a000 	C:\WINDOWS\System32\NSI.dll
0x00007ffb11200000 - 0x00007ffb11249000 	C:\Users\Asus\AppData\Local\Temp\jna-2050672\jna10018522032263674473.dll
0x00007ffb2eb00000 - 0x00007ffb2eb08000 	C:\WINDOWS\System32\PSAPI.DLL
0x00007ffb239e0000 - 0x00007ffb239ff000 	C:\WINDOWS\SYSTEM32\dhcpcsvc6.DLL
0x00007ffb239b0000 - 0x00007ffb239d5000 	C:\WINDOWS\SYSTEM32\dhcpcsvc.DLL
0x00007ffb12670000 - 0x00007ffb1267e000 	C:\Users\Asus\.vscode\extensions\redhat.java-1.43.1-win32-x64\jre\21.0.7-win32-x86_64\bin\sunmscapi.dll
0x00007ffb2d300000 - 0x00007ffb2d477000 	C:\WINDOWS\System32\CRYPT32.dll
0x00007ffb2c030000 - 0x00007ffb2c060000 	C:\WINDOWS\SYSTEM32\ncrypt.dll
0x00007ffb2bfe0000 - 0x00007ffb2c01f000 	C:\WINDOWS\SYSTEM32\NTASN1.dll
0x00007ffb2b090000 - 0x00007ffb2b1b6000 	C:\WINDOWS\SYSTEM32\DNSAPI.dll
0x00007ffb1dd40000 - 0x00007ffb1dd4b000 	C:\Windows\System32\rasadhlp.dll
0x00007ffb21740000 - 0x00007ffb217c6000 	C:\WINDOWS\System32\fwpuclnt.dll
0x00007ffb11bb0000 - 0x00007ffb11bb9000 	C:\Users\Asus\.vscode\extensions\redhat.java-1.43.1-win32-x64\jre\21.0.7-win32-x86_64\bin\extnet.dll

dbghelp: loaded successfully - version: 4.0.5 - missing functions: none
symbol engine: initialized successfully - sym options: 0x614 - pdb path: .;c:\Users\Asus\.vscode\extensions\redhat.java-1.43.1-win32-x64\jre\21.0.7-win32-x86_64\bin;C:\WINDOWS\SYSTEM32;C:\WINDOWS\WinSxS\amd64_microsoft.windows.common-controls_6595b64144ccf1df_6.0.26100.4484_none_3e0e6d4ce32ef3b3;c:\Users\Asus\.vscode\extensions\redhat.java-1.43.1-win32-x64\jre\21.0.7-win32-x86_64\bin\server;C:\Users\Asus\AppData\Roaming\Code\User\globalStorage\redhat.java\1.43.1\config_win\org.eclipse.equinox.launcher\org.eclipse.equinox.launcher.win32.win32.x86_64_1.2.1300.v20250331-1702;C:\Users\Asus\AppData\Local\Temp\jna-2050672

VM Arguments:
jvm_args: --add-modules=ALL-SYSTEM --add-opens=java.base/java.util=ALL-UNNAMED --add-opens=java.base/java.lang=ALL-UNNAMED --add-opens=java.base/sun.nio.fs=ALL-UNNAMED -Declipse.application=org.eclipse.jdt.ls.core.id1 -Dosgi.bundles.defaultStartLevel=4 -Declipse.product=org.eclipse.jdt.ls.core.product -Djava.import.generatesMetadataFilesAtProjectRoot=false -DDetectVMInstallationsJob.disabled=true -Dfile.encoding=utf8 -XX:+UseParallelGC -XX:GCTimeRatio=4 -XX:AdaptiveSizePolicyWeight=90 -Dsun.zip.disableMemoryMapping=true -Xmx2G -Xms100m -Xlog:disable -javaagent:c:\Users\Asus\.vscode\extensions\redhat.java-1.43.1-win32-x64\lombok\lombok-1.18.39-4050.jar -XX:+HeapDumpOnOutOfMemoryError -XX:HeapDumpPath=c:\Users\Asus\AppData\Roaming\Code\User\workspaceStorage\3d294ba1d3de4d7ca895ef8bf9320886\redhat.java -Daether.dependencyCollector.impl=bf 
java_command: c:\Users\Asus\.vscode\extensions\redhat.java-1.43.1-win32-x64\server\plugins\org.eclipse.equinox.launcher_1.7.0.v20250519-0528.jar -configuration c:\Users\Asus\AppData\Roaming\Code\User\globalStorage\redhat.java\1.43.1\config_win -data c:\Users\Asus\AppData\Roaming\Code\User\workspaceStorage\3d294ba1d3de4d7ca895ef8bf9320886\redhat.java\jdt_ws --pipe=\\.\pipe\lsp-657abad9c3657e5ad277efdb2b272c26-sock
java_class_path (initial): c:\Users\Asus\.vscode\extensions\redhat.java-1.43.1-win32-x64\server\plugins\org.eclipse.equinox.launcher_1.7.0.v20250519-0528.jar
Launcher Type: SUN_STANDARD

[Global flags]
    uintx AdaptiveSizePolicyWeight                 = 90                                        {product} {command line}
     intx CICompilerCount                          = 4                                         {product} {ergonomic}
    uintx GCTimeRatio                              = 4                                         {product} {command line}
     bool HeapDumpOnOutOfMemoryError               = true                                   {manageable} {command line}
    ccstr HeapDumpPath                             = c:\Users\Asus\AppData\Roaming\Code\User\workspaceStorage\3d294ba1d3de4d7ca895ef8bf9320886\redhat.java         {manageable} {command line}
   size_t InitialHeapSize                          = 104857600                                 {product} {command line}
   size_t MaxHeapSize                              = 2147483648                                {product} {command line}
   size_t MaxNewSize                               = 715653120                                 {product} {ergonomic}
   size_t MinHeapDeltaBytes                        = 524288                                    {product} {ergonomic}
   size_t MinHeapSize                              = 104857600                                 {product} {command line}
   size_t NewSize                                  = 34603008                                  {product} {ergonomic}
    uintx NonNMethodCodeHeapSize                   = 5839372                                {pd product} {ergonomic}
    uintx NonProfiledCodeHeapSize                  = 122909434                              {pd product} {ergonomic}
   size_t OldSize                                  = 70254592                                  {product} {ergonomic}
    uintx ProfiledCodeHeapSize                     = 122909434                              {pd product} {ergonomic}
    uintx ReservedCodeCacheSize                    = 251658240                              {pd product} {ergonomic}
     bool SegmentedCodeCache                       = true                                      {product} {ergonomic}
   size_t SoftMaxHeapSize                          = 2147483648                             {manageable} {ergonomic}
     bool UseCompressedOops                        = true                           {product lp64_product} {ergonomic}
     bool UseLargePagesIndividualAllocation        = false                                  {pd product} {ergonomic}
     bool UseParallelGC                            = true                                      {product} {command line}

Logging:
Log output configuration:
 #0: stdout all=off uptime,level,tags foldmultilines=false
 #1: stderr all=off uptime,level,tags foldmultilines=false

Environment Variables:
JAVA_HOME=C:\Users\Asus\.jdks\openjdk-21.0.2
PATH=C:\Program Files (x86)\VMware\VMware Player\bin\;C:\WINDOWS\system32;C:\WINDOWS;C:\WINDOWS\System32\Wbem;C:\WINDOWS\System32\WindowsPowerShell\v1.0\;C:\WINDOWS\System32\OpenSSH\;C:\MinGW\bin;C:\Program Files\Git\cmd;C:\Users\Asus\AppData\Roaming\nvm;C:\Program Files\nodejs;C:\Users\Asus\.jdks\openjdk-21.0.2\bin;C:\Program Files\Go\bin;D:\Downloads\apache-maven-3.9.11-bin\apache-maven-3.9.11\bin;C:\Program Files\Docker\Docker\resources\bin;D:\Downloads\apache-maven-3.9.11-bin\apache-maven-3.9.11\bin;C:\Users\Asus\AppData\Local\Programs\Python\Python312\Scripts\;C:\Users\Asus\AppData\Local\Programs\Python\Python312\;C:\Users\Asus\AppData\Local\Programs\Python\Launcher\;C:\Users\Asus\.console-ninja\.bin;C:\Users\Asus\AppData\Local\Microsoft\WindowsApps;C:\Users\Asus\AppData\Local\Programs\Microsoft VS Code\bin;C:\MinGW\bin;C:\Users\Asus\AppData\Local\GitHubDesktop\bin;C:\Users\Asus\AppData\Roaming\npm;C:\Program Files\MySQL\MySQL Server 8.0\bin;C:\Program Files\JetBrains\PyCharm Community Edition 2024.2.1\bin;;C:\Users\Asus\AppData\Roaming\nvm;C:\Program Files\nodejs;C:\Users\Asus\AppData\Local\Microsoft\WindowsApps;C:\Users\Asus\AppData\Local\Programs\MiKTeX\miktex\bin\x64\;C:\Program Files (x86)\Nmap;C:\Users\Asus\go\bin
USERNAME=Asus
OS=Windows_NT
PROCESSOR_IDENTIFIER=Intel64 Family 6 Model 165 Stepping 2, GenuineIntel
TMP=C:\Users\Asus\AppData\Local\Temp
TEMP=C:\Users\Asus\AppData\Local\Temp




Periodic native trim disabled

---------------  S Y S T E M  ---------------

OS:
 Windows 11 , 64 bit Build 26100 (10.0.26100.4484)
OS uptime: 2 days 6:20 hours
Hyper-V role detected

CPU: total 8 (initial active 8) (4 cores per cpu, 2 threads per core) family 6 model 165 stepping 2 microcode 0xe0, cx8, cmov, fxsr, ht, mmx, 3dnowpref, sse, sse2, sse3, ssse3, sse4.1, sse4.2, popcnt, lzcnt, tsc, tscinvbit, avx, avx2, aes, erms, clmul, bmi1, bmi2, adx, fma, vzeroupper, clflush, clflushopt, hv, rdtscp, f16c
Processor Information for the first 8 processors :
  Max Mhz: 2496, Current Mhz: 2496, Mhz Limit: 2496

Memory: 4k page, system-wide physical 8029M (781M free)
TotalPageFile size 32605M (AvailPageFile size 0M)
current process WorkingSet (physical memory assigned to process): 1074M, peak: 1080M
current process commit charge ("private bytes"): 1084M, peak: 1085M

vm_info: OpenJDK 64-Bit Server VM (21.0.7+6-LTS) for windows-amd64 JRE (21.0.7+6-LTS), built on 2025-04-15T00:00:00Z by "admin" with MS VC++ 17.7 (VS2022)

END.
