#
# There is insufficient memory for the Java Runtime Environment to continue.
# Native memory allocation (malloc) failed to allocate 1078656 bytes. Error detail: Chunk::new
# Possible reasons:
#   The system is out of physical RAM or swap space
#   This process is running with CompressedOops enabled, and the Java Heap may be blocking the growth of the native heap
# Possible solutions:
#   Reduce memory load on the system
#   Increase physical memory or swap space
#   Check if swap backing store is full
#   Decrease Java heap size (-Xmx/-Xms)
#   Decrease number of Java threads
#   Decrease Java thread stack sizes (-Xss)
#   Set larger code cache with -XX:ReservedCodeCacheSize=
#   JVM is running with Unscaled Compressed Oops mode in which the Java heap is
#     placed in the first 4GB address space. The Java Heap base address is the
#     maximum limit for the native heap growth. Please use -XX:HeapBaseMinAddress
#     to set the Java Heap base and to place the Java Heap above 4GB virtual address.
# This output file may be truncated or incomplete.
#
#  Out of Memory Error (arena.cpp:168), pid=20056, tid=21440
#
# JRE version: OpenJDK Runtime Environment Temurin-21.0.7+6 (21.0.7+6) (build 21.0.7+6-LTS)
# Java VM: OpenJDK 64-Bit Server VM Temurin-21.0.7+6 (21.0.7+6-LTS, mixed mode, sharing, tiered, compressed oops, compressed class ptrs, parallel gc, windows-amd64)
# No core dump will be written. Minidumps are not enabled by default on client versions of Windows
#

---------------  S U M M A R Y ------------

Command Line: --add-modules=ALL-SYSTEM --add-opens=java.base/java.util=ALL-UNNAMED --add-opens=java.base/java.lang=ALL-UNNAMED --add-opens=java.base/sun.nio.fs=ALL-UNNAMED -Declipse.application=org.eclipse.jdt.ls.core.id1 -Dosgi.bundles.defaultStartLevel=4 -Declipse.product=org.eclipse.jdt.ls.core.product -Djava.import.generatesMetadataFilesAtProjectRoot=false -DDetectVMInstallationsJob.disabled=true -Dfile.encoding=utf8 -XX:+UseParallelGC -XX:GCTimeRatio=4 -XX:AdaptiveSizePolicyWeight=90 -Dsun.zip.disableMemoryMapping=true -Xmx2G -Xms100m -Xlog:disable -javaagent:c:\Users\Asus\.vscode\extensions\redhat.java-1.43.1-win32-x64\lombok\lombok-1.18.39-4050.jar -XX:+HeapDumpOnOutOfMemoryError -XX:HeapDumpPath=c:\Users\Asus\AppData\Roaming\Code\User\workspaceStorage\3d294ba1d3de4d7ca895ef8bf9320886\redhat.java -Daether.dependencyCollector.impl=bf c:\Users\Asus\.vscode\extensions\redhat.java-1.43.1-win32-x64\server\plugins\org.eclipse.equinox.launcher_1.7.0.v20250519-0528.jar -configuration c:\Users\Asus\AppData\Roaming\Code\User\globalStorage\redhat.java\1.43.1\config_win -data c:\Users\Asus\AppData\Roaming\Code\User\workspaceStorage\3d294ba1d3de4d7ca895ef8bf9320886\redhat.java\jdt_ws --pipe=\\.\pipe\lsp-6a562a8a12f6dcb357cb48c1c8edff22-sock

Host: Intel(R) Core(TM) i5-10300H CPU @ 2.50GHz, 8 cores, 7G,  Windows 11 , 64 bit Build 26100 (10.0.26100.4484)
Time: Wed Jul 23 01:44:41 2025 Bangladesh Standard Time elapsed time: 94481.941240 seconds (1d 2h 14m 41s)

---------------  T H R E A D  ---------------

Current thread (0x0000022aeb0a8590):  JavaThread "C2 CompilerThread0" daemon [_thread_in_native, id=21440, stack(0x0000003db7f00000,0x0000003db8000000) (1024K)]


Current CompileTask:
C2:94481941 17459   !   4       org.apache.maven.model.building.DefaultModelBuilder::importDependencyManagement (1104 bytes)

Stack: [0x0000003db7f00000,0x0000003db8000000]
Native frames: (J=compiled Java code, j=interpreted, Vv=VM code, C=native code)
V  [jvm.dll+0x6ce119]
V  [jvm.dll+0x8a84a1]
V  [jvm.dll+0x8aa9ce]
V  [jvm.dll+0x8ab0b3]
V  [jvm.dll+0x27f8a6]
V  [jvm.dll+0xc507d]
V  [jvm.dll+0xc55b3]
V  [jvm.dll+0x2f2c6d]
V  [jvm.dll+0x5f6bca]
V  [jvm.dll+0x250cb2]
V  [jvm.dll+0x249626]
V  [jvm.dll+0x246fc4]
V  [jvm.dll+0x1c760e]
V  [jvm.dll+0x25695a]
V  [jvm.dll+0x254efa]
V  [jvm.dll+0x3f03f6]
V  [jvm.dll+0x851f6b]
V  [jvm.dll+0x6cc7dd]
C  [ucrtbase.dll+0x37b0]
C  [KERNEL32.DLL+0x2e8d7]
C  [ntdll.dll+0x3c34c]


---------------  P R O C E S S  ---------------

Threads class SMR info:
_java_thread_list=0x0000022ad6d16750, length=56, elements={
0x0000022aeb10b7b0, 0x0000022aeb1c9d00, 0x0000022aeb1cac10, 0x0000022aeb1ce190,
0x0000022aeb084250, 0x0000022aeb0a6dc0, 0x0000022aeb0a7810, 0x0000022aeb0a8590,
0x0000022aff350d00, 0x0000022aeb178320, 0x0000022aff6695d0, 0x0000022affde5ed0,
0x0000022affe8bd20, 0x0000022affa043f0, 0x0000022affe9ba60, 0x0000022afff36410,
0x0000022aff5f5570, 0x0000022aff4f7730, 0x0000022aff4f6380, 0x0000022aff4f8450,
0x0000022aff4f8ae0, 0x0000022aff4f70a0, 0x0000022aff4f9800, 0x0000022acb779ea0,
0x0000022acb77b8e0, 0x0000022acb77bf70, 0x0000022acb77b250, 0x0000022acb77abc0,
0x0000022acb77a530, 0x0000022acb779810, 0x0000022acb77c600, 0x0000022acb779180,
0x0000022acb780110, 0x0000022acb77d9b0, 0x0000022acbe37060, 0x0000022acbe397c0,
0x0000022acbe39e50, 0x0000022acbe376f0, 0x0000022acbe37d80, 0x0000022acbe3e680,
0x0000022acbe3bf20, 0x0000022acbe3d2d0, 0x0000022acbe3d960, 0x0000022acbe3c5b0,
0x0000022acbe3cc40, 0x0000022acbe3b200, 0x0000022acb77d320, 0x0000022acb77e040,
0x0000022acb77e6d0, 0x0000022ad5b95c30, 0x0000022ad5b96950, 0x0000022ad5b97670,
0x0000022ad5b96fe0, 0x0000022ad5b962c0, 0x0000022ad5b509b0, 0x0000022ad5b98390
}

Java Threads: ( => current thread )
  0x0000022aeb10b7b0 JavaThread "main"                              [_thread_blocked, id=14092, stack(0x0000003db7500000,0x0000003db7600000) (1024K)]
  0x0000022aeb1c9d00 JavaThread "Reference Handler"          daemon [_thread_blocked, id=17880, stack(0x0000003db7900000,0x0000003db7a00000) (1024K)]
  0x0000022aeb1cac10 JavaThread "Finalizer"                  daemon [_thread_blocked, id=13064, stack(0x0000003db7a00000,0x0000003db7b00000) (1024K)]
  0x0000022aeb1ce190 JavaThread "Signal Dispatcher"          daemon [_thread_blocked, id=3680, stack(0x0000003db7b00000,0x0000003db7c00000) (1024K)]
  0x0000022aeb084250 JavaThread "Attach Listener"            daemon [_thread_blocked, id=22244, stack(0x0000003db7c00000,0x0000003db7d00000) (1024K)]
  0x0000022aeb0a6dc0 JavaThread "Service Thread"             daemon [_thread_blocked, id=5712, stack(0x0000003db7d00000,0x0000003db7e00000) (1024K)]
  0x0000022aeb0a7810 JavaThread "Monitor Deflation Thread"   daemon [_thread_blocked, id=3292, stack(0x0000003db7e00000,0x0000003db7f00000) (1024K)]
=>0x0000022aeb0a8590 JavaThread "C2 CompilerThread0"         daemon [_thread_in_native, id=21440, stack(0x0000003db7f00000,0x0000003db8000000) (1024K)]
  0x0000022aff350d00 JavaThread "C1 CompilerThread0"         daemon [_thread_blocked, id=3048, stack(0x0000003db8000000,0x0000003db8100000) (1024K)]
  0x0000022aeb178320 JavaThread "Common-Cleaner"             daemon [_thread_blocked, id=6012, stack(0x0000003db8100000,0x0000003db8200000) (1024K)]
  0x0000022aff6695d0 JavaThread "Notification Thread"        daemon [_thread_blocked, id=15760, stack(0x0000003db8200000,0x0000003db8300000) (1024K)]
  0x0000022affde5ed0 JavaThread "Active Thread: Equinox Container: 22081f97-d919-4072-985e-d57f9b573ed0"        [_thread_blocked, id=13800, stack(0x0000003db8b00000,0x0000003db8c00000) (1024K)]
  0x0000022affe8bd20 JavaThread "Refresh Thread: Equinox Container: 22081f97-d919-4072-985e-d57f9b573ed0" daemon [_thread_blocked, id=12080, stack(0x0000003db8300000,0x0000003db8400000) (1024K)]
  0x0000022affa043f0 JavaThread "Framework Event Dispatcher: Equinox Container: 22081f97-d919-4072-985e-d57f9b573ed0" daemon [_thread_blocked, id=13464, stack(0x0000003db8c00000,0x0000003db8d00000) (1024K)]
  0x0000022affe9ba60 JavaThread "Start Level: Equinox Container: 22081f97-d919-4072-985e-d57f9b573ed0" daemon [_thread_blocked, id=15748, stack(0x0000003db8d00000,0x0000003db8e00000) (1024K)]
  0x0000022afff36410 JavaThread "Bundle File Closer"         daemon [_thread_blocked, id=10416, stack(0x0000003db8f00000,0x0000003db9000000) (1024K)]
  0x0000022aff5f5570 JavaThread "SCR Component Actor"        daemon [_thread_blocked, id=10340, stack(0x0000003db8e00000,0x0000003db8f00000) (1024K)]
  0x0000022aff4f7730 JavaThread "Worker-JM"                         [_thread_blocked, id=21572, stack(0x0000003db9200000,0x0000003db9300000) (1024K)]
  0x0000022aff4f6380 JavaThread "JNA Cleaner"                daemon [_thread_blocked, id=18704, stack(0x0000003db9300000,0x0000003db9400000) (1024K)]
  0x0000022aff4f8450 JavaThread "Java indexing"              daemon [_thread_blocked, id=19352, stack(0x0000003db9600000,0x0000003db9700000) (1024K)]
  0x0000022aff4f8ae0 JavaThread "Worker-2: Updating workspace"        [_thread_in_Java, id=8992, stack(0x0000003db9900000,0x0000003db9a00000) (1024K)]
  0x0000022aff4f70a0 JavaThread "Thread-2"                   daemon [_thread_in_native, id=21340, stack(0x0000003db9b00000,0x0000003db9c00000) (1024K)]
  0x0000022aff4f9800 JavaThread "Thread-3"                   daemon [_thread_in_native, id=11956, stack(0x0000003db9c00000,0x0000003db9d00000) (1024K)]
  0x0000022acb779ea0 JavaThread "Thread-4"                   daemon [_thread_in_native, id=3396, stack(0x0000003db9d00000,0x0000003db9e00000) (1024K)]
  0x0000022acb77b8e0 JavaThread "Thread-5"                   daemon [_thread_in_native, id=21612, stack(0x0000003db9e00000,0x0000003db9f00000) (1024K)]
  0x0000022acb77bf70 JavaThread "Thread-6"                   daemon [_thread_in_native, id=15620, stack(0x0000003db9f00000,0x0000003dba000000) (1024K)]
  0x0000022acb77b250 JavaThread "Thread-7"                   daemon [_thread_in_native, id=17532, stack(0x0000003dba000000,0x0000003dba100000) (1024K)]
  0x0000022acb77abc0 JavaThread "Thread-8"                   daemon [_thread_in_native, id=11080, stack(0x0000003dba100000,0x0000003dba200000) (1024K)]
  0x0000022acb77a530 JavaThread "Thread-9"                   daemon [_thread_in_native, id=14204, stack(0x0000003dba200000,0x0000003dba300000) (1024K)]
  0x0000022acb779810 JavaThread "Thread-10"                  daemon [_thread_in_native, id=16000, stack(0x0000003dba300000,0x0000003dba400000) (1024K)]
  0x0000022acb77c600 JavaThread "pool-2-thread-1"                   [_thread_blocked, id=5720, stack(0x0000003dba400000,0x0000003dba500000) (1024K)]
  0x0000022acb779180 JavaThread "WorkspaceEventsHandler"            [_thread_blocked, id=17276, stack(0x0000003dba600000,0x0000003dba700000) (1024K)]
  0x0000022acb780110 JavaThread "pool-1-thread-1"                   [_thread_blocked, id=8348, stack(0x0000003dba700000,0x0000003dba800000) (1024K)]
  0x0000022acb77d9b0 JavaThread "Worker-4"                          [_thread_blocked, id=10440, stack(0x0000003dba800000,0x0000003dba900000) (1024K)]
  0x0000022acbe37060 JavaThread "Cleaner-0"                  daemon [_thread_blocked, id=17324, stack(0x0000003db9400000,0x0000003db9500000) (1024K)]
  0x0000022acbe397c0 JavaThread "Worker-6: Updating project configurations"        [_thread_in_native, id=21124, stack(0x0000003db7200000,0x0000003db7300000) (1024K)]
  0x0000022acbe39e50 JavaThread "Worker-7"                          [_thread_blocked, id=22964, stack(0x0000003db9000000,0x0000003db9100000) (1024K)]
  0x0000022acbe376f0 JavaThread "Worker-8"                          [_thread_blocked, id=9748, stack(0x0000003db9100000,0x0000003db9200000) (1024K)]
  0x0000022acbe37d80 JavaThread "ForkJoinPool.commonPool-worker-43" daemon [_thread_blocked, id=12980, stack(0x0000003db9500000,0x0000003db9600000) (1024K)]
  0x0000022acbe3e680 JavaThread "ForkJoinPool.commonPool-worker-44" daemon [_thread_blocked, id=17728, stack(0x0000003db9700000,0x0000003db9800000) (1024K)]
  0x0000022acbe3bf20 JavaThread "LocalFile Deleter"          daemon [_thread_blocked, id=23696, stack(0x0000003db7400000,0x0000003db7500000) (1024K)]
  0x0000022acbe3d2d0 JavaThread "LocalFile Deleter"          daemon [_thread_blocked, id=17688, stack(0x0000003db9a00000,0x0000003db9b00000) (1024K)]
  0x0000022acbe3d960 JavaThread "LocalFile Deleter"          daemon [_thread_blocked, id=11672, stack(0x0000003dba500000,0x0000003dba600000) (1024K)]
  0x0000022acbe3c5b0 JavaThread "LocalFile Deleter"          daemon [_thread_blocked, id=24140, stack(0x0000003dba900000,0x0000003dbaa00000) (1024K)]
  0x0000022acbe3cc40 JavaThread "Compiler Source File Reader" daemon [_thread_blocked, id=13040, stack(0x0000003dbaa00000,0x0000003dbab00000) (1024K)]
  0x0000022acbe3b200 JavaThread "Compiler Processing Task"   daemon [_thread_blocked, id=11004, stack(0x0000003dbac00000,0x0000003dbad00000) (1024K)]
  0x0000022acb77d320 JavaThread "Compiler Class File Writer" daemon [_thread_blocked, id=10992, stack(0x0000003dbad00000,0x0000003dbae00000) (1024K)]
  0x0000022acb77e040 JavaThread "Compiler Source File Reader" daemon [_thread_blocked, id=18444, stack(0x0000003dbae00000,0x0000003dbaf00000) (1024K)]
  0x0000022acb77e6d0 JavaThread "Compiler Class File Writer" daemon [_thread_blocked, id=18756, stack(0x0000003dbaf00000,0x0000003dbb000000) (1024K)]
  0x0000022ad5b95c30 JavaThread "Compiler Source File Reader" daemon [_thread_blocked, id=3756, stack(0x0000003dbb200000,0x0000003dbb300000) (1024K)]
  0x0000022ad5b96950 JavaThread "Compiler Class File Writer" daemon [_thread_blocked, id=2996, stack(0x0000003dbb300000,0x0000003dbb400000) (1024K)]
  0x0000022ad5b97670 JavaThread "Compiler Source File Reader" daemon [_thread_blocked, id=21036, stack(0x0000003dbb400000,0x0000003dbb500000) (1024K)]
  0x0000022ad5b96fe0 JavaThread "Compiler Class File Writer" daemon [_thread_blocked, id=1440, stack(0x0000003dbb500000,0x0000003dbb600000) (1024K)]
  0x0000022ad5b962c0 JavaThread "Worker-9"                          [_thread_blocked, id=24364, stack(0x0000003db9800000,0x0000003db9900000) (1024K)]
  0x0000022ad5b509b0 JavaThread "C2 CompilerThread1"         daemon [_thread_blocked, id=20024, stack(0x0000003dbb100000,0x0000003dbb200000) (1024K)]
  0x0000022ad5b98390 JavaThread "ForkJoinPool.commonPool-worker-45" daemon [_thread_blocked, id=13236, stack(0x0000003dbb600000,0x0000003dbb700000) (1024K)]
Total: 56

Other Threads:
  0x0000022aeb1aea20 VMThread "VM Thread"                           [id=10088, stack(0x0000003db7800000,0x0000003db7900000) (1024K)]
  0x0000022aeaf9bb20 WatcherThread "VM Periodic Task Thread"        [id=16712, stack(0x0000003db7700000,0x0000003db7800000) (1024K)]
  0x0000022aeb129da0 WorkerThread "GC Thread#0"                     [id=18212, stack(0x0000003db7600000,0x0000003db7700000) (1024K)]
  0x0000022aff7133f0 WorkerThread "GC Thread#1"                     [id=16596, stack(0x0000003db8500000,0x0000003db8600000) (1024K)]
  0x0000022aff712cb0 WorkerThread "GC Thread#2"                     [id=924, stack(0x0000003db8600000,0x0000003db8700000) (1024K)]
  0x0000022aff713050 WorkerThread "GC Thread#3"                     [id=13100, stack(0x0000003db8700000,0x0000003db8800000) (1024K)]
  0x0000022aff713ed0 WorkerThread "GC Thread#4"                     [id=20528, stack(0x0000003db8800000,0x0000003db8900000) (1024K)]
  0x0000022aff714270 WorkerThread "GC Thread#5"                     [id=10556, stack(0x0000003db8900000,0x0000003db8a00000) (1024K)]
  0x0000022aff713790 WorkerThread "GC Thread#6"                     [id=8176, stack(0x0000003db8a00000,0x0000003db8b00000) (1024K)]
  0x0000022affb46d20 WorkerThread "GC Thread#7"                     [id=16448, stack(0x0000003db8400000,0x0000003db8500000) (1024K)]
Total: 10

Threads with active compile tasks:
C2 CompilerThread0  94481984 17459   !   4       org.apache.maven.model.building.DefaultModelBuilder::importDependencyManagement (1104 bytes)
C2 CompilerThread1  94481984 17490 %     4       org.eclipse.jdt.internal.core.util.HashSetOfArray::rehash @ 23 (64 bytes)
Total: 2

VM state: not at safepoint (normal execution)

VM Mutex/Monitor currently owned by a thread: None

Heap address: 0x0000000080000000, size: 2048 MB, Compressed Oops mode: 32-bit

CDS archive(s) mapped at: [0x0000022a84000000-0x0000022a84ba0000-0x0000022a84ba0000), size 12189696, SharedBaseAddress: 0x0000022a84000000, ArchiveRelocationMode: 1.
Compressed class space mapped at: 0x0000022a85000000-0x0000022ac5000000, reserved size: 1073741824
Narrow klass base: 0x0000022a84000000, Narrow klass shift: 0, Narrow klass range: 0x100000000

GC Precious Log:
 CardTable entry size: 512
 CPUs: 8 total, 8 available
 Memory: 8029M
 Large Page Support: Disabled
 NUMA Support: Disabled
 Compressed Oops: Enabled (32-bit)
 Alignments: Space 512K, Generation 512K, Heap 2M
 Heap Min Capacity: 100M
 Heap Initial Capacity: 100M
 Heap Max Capacity: 2G
 Pre-touch: Disabled
 Parallel Workers: 8

Heap:
 PSYoungGen      total 9216K, used 2623K [0x00000000d5580000, 0x00000000d6000000, 0x0000000100000000)
  eden space 8704K, 27% used [0x00000000d5580000,0x00000000d57ccec8,0x00000000d5e00000)
  from space 512K, 52% used [0x00000000d5f00000,0x00000000d5f42fb0,0x00000000d5f80000)
  to   space 512K, 0% used [0x00000000d5f80000,0x00000000d5f80000,0x00000000d6000000)
 ParOldGen       total 711168K, used 710982K [0x0000000080000000, 0x00000000ab680000, 0x00000000d5580000)
  object space 711168K, 99% used [0x0000000080000000,0x00000000ab651b38,0x00000000ab680000)
 Metaspace       used 80145K, committed 81856K, reserved 1179648K
  class space    used 8181K, committed 8896K, reserved 1048576K

Card table byte_map: [0x0000022aeaab0000,0x0000022aeaec0000] _byte_map_base: 0x0000022aea6b0000

Marking Bits: (ParMarkBitMap*) 0x00007ffac7d431f0
 Begin Bits: [0x0000022a80000000, 0x0000022a82000000)
 End Bits:   [0x0000022a82000000, 0x0000022a84000000)

Polling page: 0x0000022ae8f70000

Metaspace:

Usage:
  Non-class:     70.28 MB used.
      Class:      7.99 MB used.
       Both:     78.27 MB used.

Virtual space:
  Non-class space:      128.00 MB reserved,      71.25 MB ( 56%) committed,  2 nodes.
      Class space:        1.00 GB reserved,       8.69 MB ( <1%) committed,  1 nodes.
             Both:        1.12 GB reserved,      79.94 MB (  7%) committed. 

Chunk freelists:
   Non-Class:  8.23 MB
       Class:  7.29 MB
        Both:  15.52 MB

MaxMetaspaceSize: unlimited
CompressedClassSpaceSize: 1.00 GB
Initial GC threshold: 21.00 MB
Current GC threshold: 97.31 MB
CDS: on
 - commit_granule_bytes: 65536.
 - commit_granule_words: 8192.
 - virtual_space_node_default_size: 8388608.
 - enlarge_chunks_in_place: 1.
 - use_allocation_guard: 0.


Internal statistics:

num_allocs_failed_limit: 9.
num_arena_births: 1358.
num_arena_deaths: 22.
num_vsnodes_births: 3.
num_vsnodes_deaths: 0.
num_space_committed: 1279.
num_space_uncommitted: 0.
num_chunks_returned_to_freelist: 35.
num_chunks_taken_from_freelist: 4985.
num_chunk_merges: 17.
num_chunk_splits: 3128.
num_chunks_enlarged: 1834.
num_inconsistent_stats: 0.

CodeHeap 'non-profiled nmethods': size=120000Kb used=17018Kb max_used=17018Kb free=102981Kb
 bounds [0x0000022af5dd0000, 0x0000022af6e70000, 0x0000022afd300000]
CodeHeap 'profiled nmethods': size=120000Kb used=38818Kb max_used=38818Kb free=81181Kb
 bounds [0x0000022aee300000, 0x0000022af08f0000, 0x0000022af5830000]
CodeHeap 'non-nmethods': size=5760Kb used=1505Kb max_used=1623Kb free=4255Kb
 bounds [0x0000022af5830000, 0x0000022af5aa0000, 0x0000022af5dd0000]
 total_blobs=17531 nmethods=16708 adapters=728
 compilation: enabled
              stopped_count=0, restarted_count=0
 full_count=0

Compilation events (20 events):
Event: 94480.778 Thread 0x0000022aff350d00 17480       3       javax.xml.parsers.FactoryFinder::dPrint (27 bytes)
Event: 94480.779 Thread 0x0000022aff350d00 nmethod 17480 0x0000022af08e0010 code [0x0000022af08e0200, 0x0000022af08e05c0]
Event: 94480.789 Thread 0x0000022aff350d00 17482       3       org.apache.maven.plugin.MojoExecution::<init> (38 bytes)
Event: 94480.789 Thread 0x0000022aff350d00 nmethod 17482 0x0000022af08e0710 code [0x0000022af08e08e0, 0x0000022af08e0ca8]
Event: 94480.793 Thread 0x0000022aff350d00 17483   !   3       org.eclipse.m2e.core.internal.lifecyclemapping.AnnotationMappingMetadataSource::parsePIs (448 bytes)
Event: 94480.797 Thread 0x0000022aff350d00 nmethod 17483 0x0000022af08e0e10 code [0x0000022af08e1400, 0x0000022af08e42f8]
Event: 94480.797 Thread 0x0000022aff350d00 17485       3       sun.util.locale.LocaleUtils::isAlphaNumericString (33 bytes)
Event: 94480.798 Thread 0x0000022aff350d00 nmethod 17485 0x0000022af08e5c90 code [0x0000022af08e5ee0, 0x0000022af08e6928]
Event: 94480.805 Thread 0x0000022ad5b509b0 nmethod 17472 0x0000022af6e5e690 code [0x0000022af6e5ea60, 0x0000022af6e609b8]
Event: 94480.805 Thread 0x0000022ad5b509b0 17473   !   4       org.eclipse.jdt.internal.core.search.indexing.IndexManager::updateMetaIndex (209 bytes)
Event: 94480.859 Thread 0x0000022ad5b509b0 nmethod 17473 0x0000022af6e61f10 code [0x0000022af6e62480, 0x0000022af6e65420]
Event: 94480.859 Thread 0x0000022ad5b509b0 17486       4       org.eclipse.jdt.internal.compiler.parser.Scanner::internalScanIdentifierOrKeyword (5041 bytes)
Event: 94480.897 Thread 0x0000022aff350d00 17487       1       sun.nio.cs.ISO_8859_1$Encoder::isLegalReplacement (2 bytes)
Event: 94480.897 Thread 0x0000022aff350d00 nmethod 17487 0x0000022af6e66e90 code [0x0000022af6e67020, 0x0000022af6e670e8]
Event: 94480.897 Thread 0x0000022aff350d00 17488       3       java.util.Date::convertToAbbr (33 bytes)
Event: 94480.898 Thread 0x0000022aff350d00 nmethod 17488 0x0000022af08e6d10 code [0x0000022af08e7040, 0x0000022af08e8288]
Event: 94480.898 Thread 0x0000022aff350d00 17489       1       sun.util.calendar.CalendarDate::isStandardTime (5 bytes)
Event: 94480.898 Thread 0x0000022aff350d00 nmethod 17489 0x0000022af6e67190 code [0x0000022af6e67320, 0x0000022af6e673f0]
Event: 94480.915 Thread 0x0000022ad5b509b0 nmethod 17486 0x0000022af6e67490 code [0x0000022af6e67c40, 0x0000022af6e6b718]
Event: 94480.915 Thread 0x0000022ad5b509b0 17474       4       org.eclipse.jdt.internal.core.index.DiskIndex::addQueryResult (173 bytes)

GC Heap History (20 events):
Event: 94480.685 GC heap before
{Heap before GC invocations=1781 (full 3):
 PSYoungGen      total 9728K, used 9712K [0x00000000d5580000, 0x00000000d6200000, 0x0000000100000000)
  eden space 8704K, 100% used [0x00000000d5580000,0x00000000d5e00000,0x00000000d5e00000)
  from space 1024K, 98% used [0x00000000d5e00000,0x00000000d5efc3c0,0x00000000d5f00000)
  to   space 2048K, 0% used [0x00000000d6000000,0x00000000d6000000,0x00000000d6200000)
 ParOldGen       total 708096K, used 707886K [0x0000000080000000, 0x00000000ab380000, 0x00000000d5580000)
  object space 708096K, 99% used [0x0000000080000000,0x00000000ab34bab0,0x00000000ab380000)
 Metaspace       used 80139K, committed 81856K, reserved 1179648K
  class space    used 8181K, committed 8896K, reserved 1048576K
}
Event: 94480.688 GC heap after
{Heap after GC invocations=1781 (full 3):
 PSYoungGen      total 9728K, used 757K [0x00000000d5580000, 0x00000000d6100000, 0x0000000100000000)
  eden space 8704K, 0% used [0x00000000d5580000,0x00000000d5580000,0x00000000d5e00000)
  from space 1024K, 73% used [0x00000000d6000000,0x00000000d60bd5f8,0x00000000d6100000)
  to   space 1536K, 0% used [0x00000000d5e00000,0x00000000d5e00000,0x00000000d5f80000)
 ParOldGen       total 708608K, used 708198K [0x0000000080000000, 0x00000000ab400000, 0x00000000d5580000)
  object space 708608K, 99% used [0x0000000080000000,0x00000000ab399ac0,0x00000000ab400000)
 Metaspace       used 80139K, committed 81856K, reserved 1179648K
  class space    used 8181K, committed 8896K, reserved 1048576K
}
Event: 94480.708 GC heap before
{Heap before GC invocations=1782 (full 3):
 PSYoungGen      total 9728K, used 9461K [0x00000000d5580000, 0x00000000d6100000, 0x0000000100000000)
  eden space 8704K, 100% used [0x00000000d5580000,0x00000000d5e00000,0x00000000d5e00000)
  from space 1024K, 73% used [0x00000000d6000000,0x00000000d60bd5f8,0x00000000d6100000)
  to   space 1536K, 0% used [0x00000000d5e00000,0x00000000d5e00000,0x00000000d5f80000)
 ParOldGen       total 708608K, used 708198K [0x0000000080000000, 0x00000000ab400000, 0x00000000d5580000)
  object space 708608K, 99% used [0x0000000080000000,0x00000000ab399ac0,0x00000000ab400000)
 Metaspace       used 80139K, committed 81856K, reserved 1179648K
  class space    used 8181K, committed 8896K, reserved 1048576K
}
Event: 94480.710 GC heap after
{Heap after GC invocations=1782 (full 3):
 PSYoungGen      total 10240K, used 611K [0x00000000d5580000, 0x00000000d6080000, 0x0000000100000000)
  eden space 8704K, 0% used [0x00000000d5580000,0x00000000d5580000,0x00000000d5e00000)
  from space 1536K, 39% used [0x00000000d5e00000,0x00000000d5e98e20,0x00000000d5f80000)
  to   space 1024K, 0% used [0x00000000d5f80000,0x00000000d5f80000,0x00000000d6080000)
 ParOldGen       total 708608K, used 708526K [0x0000000080000000, 0x00000000ab400000, 0x00000000d5580000)
  object space 708608K, 99% used [0x0000000080000000,0x00000000ab3eb8e8,0x00000000ab400000)
 Metaspace       used 80139K, committed 81856K, reserved 1179648K
  class space    used 8181K, committed 8896K, reserved 1048576K
}
Event: 94480.722 GC heap before
{Heap before GC invocations=1783 (full 3):
 PSYoungGen      total 10240K, used 9315K [0x00000000d5580000, 0x00000000d6080000, 0x0000000100000000)
  eden space 8704K, 100% used [0x00000000d5580000,0x00000000d5e00000,0x00000000d5e00000)
  from space 1536K, 39% used [0x00000000d5e00000,0x00000000d5e98e20,0x00000000d5f80000)
  to   space 1024K, 0% used [0x00000000d5f80000,0x00000000d5f80000,0x00000000d6080000)
 ParOldGen       total 708608K, used 708526K [0x0000000080000000, 0x00000000ab400000, 0x00000000d5580000)
  object space 708608K, 99% used [0x0000000080000000,0x00000000ab3eb8e8,0x00000000ab400000)
 Metaspace       used 80139K, committed 81856K, reserved 1179648K
  class space    used 8181K, committed 8896K, reserved 1048576K
}
Event: 94480.724 GC heap after
{Heap after GC invocations=1783 (full 3):
 PSYoungGen      total 9216K, used 368K [0x00000000d5580000, 0x00000000d6000000, 0x0000000100000000)
  eden space 8704K, 0% used [0x00000000d5580000,0x00000000d5580000,0x00000000d5e00000)
  from space 512K, 71% used [0x00000000d5f80000,0x00000000d5fdc010,0x00000000d6000000)
  to   space 512K, 0% used [0x00000000d5f00000,0x00000000d5f00000,0x00000000d5f80000)
 ParOldGen       total 709120K, used 708925K [0x0000000080000000, 0x00000000ab480000, 0x00000000d5580000)
  object space 709120K, 99% used [0x0000000080000000,0x00000000ab44f500,0x00000000ab480000)
 Metaspace       used 80139K, committed 81856K, reserved 1179648K
  class space    used 8181K, committed 8896K, reserved 1048576K
}
Event: 94480.740 GC heap before
{Heap before GC invocations=1784 (full 3):
 PSYoungGen      total 9216K, used 9072K [0x00000000d5580000, 0x00000000d6000000, 0x0000000100000000)
  eden space 8704K, 100% used [0x00000000d5580000,0x00000000d5e00000,0x00000000d5e00000)
  from space 512K, 71% used [0x00000000d5f80000,0x00000000d5fdc010,0x00000000d6000000)
  to   space 512K, 0% used [0x00000000d5f00000,0x00000000d5f00000,0x00000000d5f80000)
 ParOldGen       total 709120K, used 708925K [0x0000000080000000, 0x00000000ab480000, 0x00000000d5580000)
  object space 709120K, 99% used [0x0000000080000000,0x00000000ab44f500,0x00000000ab480000)
 Metaspace       used 80139K, committed 81856K, reserved 1179648K
  class space    used 8181K, committed 8896K, reserved 1048576K
}
Event: 94480.743 GC heap after
{Heap after GC invocations=1784 (full 3):
 PSYoungGen      total 9216K, used 499K [0x00000000d5580000, 0x00000000d6100000, 0x0000000100000000)
  eden space 8704K, 0% used [0x00000000d5580000,0x00000000d5580000,0x00000000d5e00000)
  from space 512K, 97% used [0x00000000d5f00000,0x00000000d5f7ce88,0x00000000d5f80000)
  to   space 1536K, 0% used [0x00000000d5f80000,0x00000000d5f80000,0x00000000d6100000)
 ParOldGen       total 710144K, used 709768K [0x0000000080000000, 0x00000000ab580000, 0x00000000d5580000)
  object space 710144K, 99% used [0x0000000080000000,0x00000000ab522348,0x00000000ab580000)
 Metaspace       used 80139K, committed 81856K, reserved 1179648K
  class space    used 8181K, committed 8896K, reserved 1048576K
}
Event: 94480.763 GC heap before
{Heap before GC invocations=1785 (full 3):
 PSYoungGen      total 9216K, used 9203K [0x00000000d5580000, 0x00000000d6100000, 0x0000000100000000)
  eden space 8704K, 100% used [0x00000000d5580000,0x00000000d5e00000,0x00000000d5e00000)
  from space 512K, 97% used [0x00000000d5f00000,0x00000000d5f7ce88,0x00000000d5f80000)
  to   space 1536K, 0% used [0x00000000d5f80000,0x00000000d5f80000,0x00000000d6100000)
 ParOldGen       total 710144K, used 709768K [0x0000000080000000, 0x00000000ab580000, 0x00000000d5580000)
  object space 710144K, 99% used [0x0000000080000000,0x00000000ab522348,0x00000000ab580000)
 Metaspace       used 80139K, committed 81856K, reserved 1179648K
  class space    used 8181K, committed 8896K, reserved 1048576K
}
Event: 94480.765 GC heap after
{Heap after GC invocations=1785 (full 3):
 PSYoungGen      total 9728K, used 672K [0x00000000d5580000, 0x00000000d6080000, 0x0000000100000000)
  eden space 8704K, 0% used [0x00000000d5580000,0x00000000d5580000,0x00000000d5e00000)
  from space 1024K, 65% used [0x00000000d5f80000,0x00000000d60282d8,0x00000000d6080000)
  to   space 1024K, 0% used [0x00000000d5e80000,0x00000000d5e80000,0x00000000d5f80000)
 ParOldGen       total 710144K, used 709960K [0x0000000080000000, 0x00000000ab580000, 0x00000000d5580000)
  object space 710144K, 99% used [0x0000000080000000,0x00000000ab552348,0x00000000ab580000)
 Metaspace       used 80139K, committed 81856K, reserved 1179648K
  class space    used 8181K, committed 8896K, reserved 1048576K
}
Event: 94480.785 GC heap before
{Heap before GC invocations=1786 (full 3):
 PSYoungGen      total 9728K, used 9376K [0x00000000d5580000, 0x00000000d6080000, 0x0000000100000000)
  eden space 8704K, 100% used [0x00000000d5580000,0x00000000d5e00000,0x00000000d5e00000)
  from space 1024K, 65% used [0x00000000d5f80000,0x00000000d60282d8,0x00000000d6080000)
  to   space 1024K, 0% used [0x00000000d5e80000,0x00000000d5e80000,0x00000000d5f80000)
 ParOldGen       total 710144K, used 709960K [0x0000000080000000, 0x00000000ab580000, 0x00000000d5580000)
  object space 710144K, 99% used [0x0000000080000000,0x00000000ab552348,0x00000000ab580000)
 Metaspace       used 80144K, committed 81856K, reserved 1179648K
  class space    used 8181K, committed 8896K, reserved 1048576K
}
Event: 94480.788 GC heap after
{Heap after GC invocations=1786 (full 3):
 PSYoungGen      total 9728K, used 744K [0x00000000d5580000, 0x00000000d6000000, 0x0000000100000000)
  eden space 8704K, 0% used [0x00000000d5580000,0x00000000d5580000,0x00000000d5e00000)
  from space 1024K, 72% used [0x00000000d5e80000,0x00000000d5f3a180,0x00000000d5f80000)
  to   space 512K, 0% used [0x00000000d5f80000,0x00000000d5f80000,0x00000000d6000000)
 ParOldGen       total 710656K, used 710303K [0x0000000080000000, 0x00000000ab600000, 0x00000000d5580000)
  object space 710656K, 99% used [0x0000000080000000,0x00000000ab5a7f68,0x00000000ab600000)
 Metaspace       used 80144K, committed 81856K, reserved 1179648K
  class space    used 8181K, committed 8896K, reserved 1048576K
}
Event: 94480.839 GC heap before
{Heap before GC invocations=1787 (full 3):
 PSYoungGen      total 9728K, used 9448K [0x00000000d5580000, 0x00000000d6000000, 0x0000000100000000)
  eden space 8704K, 100% used [0x00000000d5580000,0x00000000d5e00000,0x00000000d5e00000)
  from space 1024K, 72% used [0x00000000d5e80000,0x00000000d5f3a180,0x00000000d5f80000)
  to   space 512K, 0% used [0x00000000d5f80000,0x00000000d5f80000,0x00000000d6000000)
 ParOldGen       total 710656K, used 710303K [0x0000000080000000, 0x00000000ab600000, 0x00000000d5580000)
  object space 710656K, 99% used [0x0000000080000000,0x00000000ab5a7f68,0x00000000ab600000)
 Metaspace       used 80145K, committed 81856K, reserved 1179648K
  class space    used 8181K, committed 8896K, reserved 1048576K
}
Event: 94480.841 GC heap after
{Heap after GC invocations=1787 (full 3):
 PSYoungGen      total 9216K, used 355K [0x00000000d5580000, 0x00000000d6000000, 0x0000000100000000)
  eden space 8704K, 0% used [0x00000000d5580000,0x00000000d5580000,0x00000000d5e00000)
  from space 512K, 69% used [0x00000000d5f80000,0x00000000d5fd8c58,0x00000000d6000000)
  to   space 512K, 0% used [0x00000000d5f00000,0x00000000d5f00000,0x00000000d5f80000)
 ParOldGen       total 711168K, used 710734K [0x0000000080000000, 0x00000000ab680000, 0x00000000d5580000)
  object space 711168K, 99% used [0x0000000080000000,0x00000000ab613b38,0x00000000ab680000)
 Metaspace       used 80145K, committed 81856K, reserved 1179648K
  class space    used 8181K, committed 8896K, reserved 1048576K
}
Event: 94480.868 GC heap before
{Heap before GC invocations=1788 (full 3):
 PSYoungGen      total 9216K, used 9059K [0x00000000d5580000, 0x00000000d6000000, 0x0000000100000000)
  eden space 8704K, 100% used [0x00000000d5580000,0x00000000d5e00000,0x00000000d5e00000)
  from space 512K, 69% used [0x00000000d5f80000,0x00000000d5fd8c58,0x00000000d6000000)
  to   space 512K, 0% used [0x00000000d5f00000,0x00000000d5f00000,0x00000000d5f80000)
 ParOldGen       total 711168K, used 710734K [0x0000000080000000, 0x00000000ab680000, 0x00000000d5580000)
  object space 711168K, 99% used [0x0000000080000000,0x00000000ab613b38,0x00000000ab680000)
 Metaspace       used 80145K, committed 81856K, reserved 1179648K
  class space    used 8181K, committed 8896K, reserved 1048576K
}
Event: 94480.870 GC heap after
{Heap after GC invocations=1788 (full 3):
 PSYoungGen      total 9216K, used 363K [0x00000000d5580000, 0x00000000d6000000, 0x0000000100000000)
  eden space 8704K, 0% used [0x00000000d5580000,0x00000000d5580000,0x00000000d5e00000)
  from space 512K, 71% used [0x00000000d5f00000,0x00000000d5f5af58,0x00000000d5f80000)
  to   space 512K, 0% used [0x00000000d5f80000,0x00000000d5f80000,0x00000000d6000000)
 ParOldGen       total 711168K, used 710798K [0x0000000080000000, 0x00000000ab680000, 0x00000000d5580000)
  object space 711168K, 99% used [0x0000000080000000,0x00000000ab623b38,0x00000000ab680000)
 Metaspace       used 80145K, committed 81856K, reserved 1179648K
  class space    used 8181K, committed 8896K, reserved 1048576K
}
Event: 94480.888 GC heap before
{Heap before GC invocations=1789 (full 3):
 PSYoungGen      total 9216K, used 9067K [0x00000000d5580000, 0x00000000d6000000, 0x0000000100000000)
  eden space 8704K, 100% used [0x00000000d5580000,0x00000000d5e00000,0x00000000d5e00000)
  from space 512K, 71% used [0x00000000d5f00000,0x00000000d5f5af58,0x00000000d5f80000)
  to   space 512K, 0% used [0x00000000d5f80000,0x00000000d5f80000,0x00000000d6000000)
 ParOldGen       total 711168K, used 710798K [0x0000000080000000, 0x00000000ab680000, 0x00000000d5580000)
  object space 711168K, 99% used [0x0000000080000000,0x00000000ab623b38,0x00000000ab680000)
 Metaspace       used 80145K, committed 81856K, reserved 1179648K
  class space    used 8181K, committed 8896K, reserved 1048576K
}
Event: 94480.890 GC heap after
{Heap after GC invocations=1789 (full 3):
 PSYoungGen      total 9216K, used 192K [0x00000000d5580000, 0x00000000d6000000, 0x0000000100000000)
  eden space 8704K, 0% used [0x00000000d5580000,0x00000000d5580000,0x00000000d5e00000)
  from space 512K, 37% used [0x00000000d5f80000,0x00000000d5fb0000,0x00000000d6000000)
  to   space 512K, 0% used [0x00000000d5f00000,0x00000000d5f00000,0x00000000d5f80000)
 ParOldGen       total 711168K, used 710862K [0x0000000080000000, 0x00000000ab680000, 0x00000000d5580000)
  object space 711168K, 99% used [0x0000000080000000,0x00000000ab633b38,0x00000000ab680000)
 Metaspace       used 80145K, committed 81856K, reserved 1179648K
  class space    used 8181K, committed 8896K, reserved 1048576K
}
Event: 94480.918 GC heap before
{Heap before GC invocations=1790 (full 3):
 PSYoungGen      total 9216K, used 8896K [0x00000000d5580000, 0x00000000d6000000, 0x0000000100000000)
  eden space 8704K, 100% used [0x00000000d5580000,0x00000000d5e00000,0x00000000d5e00000)
  from space 512K, 37% used [0x00000000d5f80000,0x00000000d5fb0000,0x00000000d6000000)
  to   space 512K, 0% used [0x00000000d5f00000,0x00000000d5f00000,0x00000000d5f80000)
 ParOldGen       total 711168K, used 710862K [0x0000000080000000, 0x00000000ab680000, 0x00000000d5580000)
  object space 711168K, 99% used [0x0000000080000000,0x00000000ab633b38,0x00000000ab680000)
 Metaspace       used 80145K, committed 81856K, reserved 1179648K
  class space    used 8181K, committed 8896K, reserved 1048576K
}
Event: 94480.919 GC heap after
{Heap after GC invocations=1790 (full 3):
 PSYoungGen      total 9216K, used 224K [0x00000000d5580000, 0x00000000d6000000, 0x0000000100000000)
  eden space 8704K, 0% used [0x00000000d5580000,0x00000000d5580000,0x00000000d5e00000)
  from space 512K, 43% used [0x00000000d5f00000,0x00000000d5f38000,0x00000000d5f80000)
  to   space 512K, 0% used [0x00000000d5f80000,0x00000000d5f80000,0x00000000d6000000)
 ParOldGen       total 711168K, used 710894K [0x0000000080000000, 0x00000000ab680000, 0x00000000d5580000)
  object space 711168K, 99% used [0x0000000080000000,0x00000000ab63bb38,0x00000000ab680000)
 Metaspace       used 80145K, committed 81856K, reserved 1179648K
  class space    used 8181K, committed 8896K, reserved 1048576K
}

Dll operation events (12 events):
Event: 0.018 Loaded shared library c:\Users\Asus\.vscode\extensions\redhat.java-1.43.1-win32-x64\jre\21.0.7-win32-x86_64\bin\java.dll
Event: 0.103 Loaded shared library c:\Users\Asus\.vscode\extensions\redhat.java-1.43.1-win32-x64\jre\21.0.7-win32-x86_64\bin\zip.dll
Event: 0.124 Loaded shared library C:\Users\Asus\.vscode\extensions\redhat.java-1.43.1-win32-x64\jre\21.0.7-win32-x86_64\bin\instrument.dll
Event: 0.128 Loaded shared library C:\Users\Asus\.vscode\extensions\redhat.java-1.43.1-win32-x64\jre\21.0.7-win32-x86_64\bin\net.dll
Event: 0.131 Loaded shared library C:\Users\Asus\.vscode\extensions\redhat.java-1.43.1-win32-x64\jre\21.0.7-win32-x86_64\bin\nio.dll
Event: 0.133 Loaded shared library C:\Users\Asus\.vscode\extensions\redhat.java-1.43.1-win32-x64\jre\21.0.7-win32-x86_64\bin\zip.dll
Event: 0.164 Loaded shared library C:\Users\Asus\.vscode\extensions\redhat.java-1.43.1-win32-x64\jre\21.0.7-win32-x86_64\bin\jimage.dll
Event: 0.314 Loaded shared library c:\Users\Asus\.vscode\extensions\redhat.java-1.43.1-win32-x64\jre\21.0.7-win32-x86_64\bin\verify.dll
Event: 5.933 Loaded shared library C:\Users\Asus\AppData\Roaming\Code\User\globalStorage\redhat.java\1.43.1\config_win\org.eclipse.equinox.launcher\org.eclipse.equinox.launcher.win32.win32.x86_64_1.2.1300.v20250331-1702\eclipse_11911.dll
Event: 14.094 Loaded shared library C:\Users\Asus\AppData\Local\Temp\jna-2050672\jna17908963875075739899.dll
Event: 939.553 Loaded shared library C:\Users\Asus\.vscode\extensions\redhat.java-1.43.1-win32-x64\jre\21.0.7-win32-x86_64\bin\sunmscapi.dll
Event: 94406.022 Loaded shared library C:\Users\Asus\.vscode\extensions\redhat.java-1.43.1-win32-x64\jre\21.0.7-win32-x86_64\bin\extnet.dll

Deoptimization events (20 events):
Event: 94477.058 Thread 0x0000022aff4f8ae0 DEOPT PACKING pc=0x0000022af67af2fc sp=0x0000003db99fd560
Event: 94477.058 Thread 0x0000022aff4f8ae0 DEOPT UNPACKING pc=0x0000022af5883aa2 sp=0x0000003db99fd570 mode 2
Event: 94477.089 Thread 0x0000022aff4f8ae0 Uncommon trap: trap_request=0xffffff76 fr.pc=0x0000022af6e2e894 relative=0x0000000000000174
Event: 94477.089 Thread 0x0000022aff4f8ae0 Uncommon trap: reason=predicate action=maybe_recompile pc=0x0000022af6e2e894 method=java.util.Arrays.fill([Ljava/lang/Object;IILjava/lang/Object;)V @ 13 c2
Event: 94477.089 Thread 0x0000022aff4f8ae0 DEOPT PACKING pc=0x0000022af6e2e894 sp=0x0000003db99fefd0
Event: 94477.089 Thread 0x0000022aff4f8ae0 DEOPT UNPACKING pc=0x0000022af5883aa2 sp=0x0000003db99fef80 mode 2
Event: 94478.358 Thread 0x0000022acbe397c0 DEOPT PACKING pc=0x0000022af0439afc sp=0x0000003db72fd550
Event: 94478.358 Thread 0x0000022acbe397c0 DEOPT UNPACKING pc=0x0000022af5884242 sp=0x0000003db72fcbe0 mode 0
Event: 94478.386 Thread 0x0000022aff4f8450 Uncommon trap: trap_request=0xffffff45 fr.pc=0x0000022af6b74ac8 relative=0x0000000000001bc8
Event: 94478.386 Thread 0x0000022aff4f8450 Uncommon trap: reason=unstable_if action=reinterpret pc=0x0000022af6b74ac8 method=org.eclipse.jdt.internal.compiler.parser.Scanner.internalScanIdentifierOrKeyword(II[C)Lorg/eclipse/jdt/internal/compiler/parser/TerminalToken; @ 3005 c2
Event: 94478.386 Thread 0x0000022aff4f8450 DEOPT PACKING pc=0x0000022af6b74ac8 sp=0x0000003db96fee00
Event: 94478.386 Thread 0x0000022aff4f8450 DEOPT UNPACKING pc=0x0000022af5883aa2 sp=0x0000003db96fed90 mode 2
Event: 94480.737 Thread 0x0000022aff4f8450 DEOPT PACKING pc=0x0000022aefc6499c sp=0x0000003db96fed00
Event: 94480.737 Thread 0x0000022aff4f8450 DEOPT UNPACKING pc=0x0000022af5884242 sp=0x0000003db96fe278 mode 0
Event: 94480.771 Thread 0x0000022aff4f8450 DEOPT PACKING pc=0x0000022aefc6499c sp=0x0000003db96fed00
Event: 94480.771 Thread 0x0000022aff4f8450 DEOPT UNPACKING pc=0x0000022af5884242 sp=0x0000003db96fe278 mode 0
Event: 94480.816 Thread 0x0000022aff4f8ae0 Uncommon trap: trap_request=0xffffffe4 fr.pc=0x0000022af6e56f1c relative=0x0000000000001c7c
Event: 94480.816 Thread 0x0000022aff4f8ae0 Uncommon trap: reason=range_check action=make_not_entrant pc=0x0000022af6e56f1c method=org.eclipse.jdt.internal.compiler.parser.Scanner.internalScanIdentifierOrKeyword(II[C)Lorg/eclipse/jdt/internal/compiler/parser/TerminalToken; @ 3013 c2
Event: 94480.816 Thread 0x0000022aff4f8ae0 DEOPT PACKING pc=0x0000022af6e56f1c sp=0x0000003db99fe0b0
Event: 94480.816 Thread 0x0000022aff4f8ae0 DEOPT UNPACKING pc=0x0000022af5883aa2 sp=0x0000003db99fe040 mode 2

Classes loaded (20 events):
Event: 94406.590 Loading class com/sun/crypto/provider/ChaCha20Cipher$EngineAEADDec
Event: 94406.590 Loading class com/sun/crypto/provider/ChaCha20Cipher$EngineAEADDec done
Event: 94406.590 Loading class jdk/internal/event/TLSHandshakeEvent
Event: 94406.590 Loading class jdk/internal/event/TLSHandshakeEvent done
Event: 94406.590 Loading class javax/net/ssl/SSLEngineResult$HandshakeStatus
Event: 94406.590 Loading class javax/net/ssl/SSLEngineResult$HandshakeStatus done
Event: 94406.624 Loading class java/nio/HeapByteBufferR
Event: 94406.625 Loading class java/nio/HeapByteBufferR done
Event: 94408.118 Loading class java/util/ArrayDeque$DeqSpliterator
Event: 94408.119 Loading class java/util/ArrayDeque$DeqSpliterator done
Event: 94411.808 Loading class java/io/BufferedReader$1
Event: 94411.808 Loading class java/io/BufferedReader$1 done
Event: 94413.569 Loading class jdk/internal/module/IllegalAccessLogger
Event: 94413.569 Loading class jdk/internal/module/IllegalAccessLogger done
Event: 94413.669 Loading class jdk/internal/module/IllegalAccessLogger
Event: 94413.669 Loading class jdk/internal/module/IllegalAccessLogger done
Event: 94453.597 Loading class jdk/internal/module/IllegalAccessLogger
Event: 94453.597 Loading class jdk/internal/module/IllegalAccessLogger done
Event: 94453.656 Loading class jdk/internal/module/IllegalAccessLogger
Event: 94453.656 Loading class jdk/internal/module/IllegalAccessLogger done

Classes unloaded (11 events):
Event: 14.532 Thread 0x0000022aeb1aea20 Unloading class 0x0000022a851a5000 'java/lang/invoke/LambdaForm$MH+0x0000022a851a5000'
Event: 14.532 Thread 0x0000022aeb1aea20 Unloading class 0x0000022a851a4c00 'java/lang/invoke/LambdaForm$MH+0x0000022a851a4c00'
Event: 14.532 Thread 0x0000022aeb1aea20 Unloading class 0x0000022a851a4800 'java/lang/invoke/LambdaForm$MH+0x0000022a851a4800'
Event: 14.532 Thread 0x0000022aeb1aea20 Unloading class 0x0000022a851a4400 'java/lang/invoke/LambdaForm$MH+0x0000022a851a4400'
Event: 14.532 Thread 0x0000022aeb1aea20 Unloading class 0x0000022a851a4000 'java/lang/invoke/LambdaForm$BMH+0x0000022a851a4000'
Event: 14.532 Thread 0x0000022aeb1aea20 Unloading class 0x0000022a851a3c00 'java/lang/invoke/LambdaForm$DMH+0x0000022a851a3c00'
Event: 14.532 Thread 0x0000022aeb1aea20 Unloading class 0x0000022a851a2800 'java/lang/invoke/LambdaForm$DMH+0x0000022a851a2800'
Event: 27.250 Thread 0x0000022aeb1aea20 Unloading class 0x0000022a85675000 'java/lang/invoke/LambdaForm$DMH+0x0000022a85675000'
Event: 27.250 Thread 0x0000022aeb1aea20 Unloading class 0x0000022a85674800 'java/lang/invoke/LambdaForm$DMH+0x0000022a85674800'
Event: 27.250 Thread 0x0000022aeb1aea20 Unloading class 0x0000022a85674c00 'java/lang/invoke/LambdaForm$DMH+0x0000022a85674c00'
Event: 27.250 Thread 0x0000022aeb1aea20 Unloading class 0x0000022a85674400 'java/lang/invoke/LambdaForm$DMH+0x0000022a85674400'

Classes redefined (0 events):
No events

Internal exceptions (20 events):
Event: 94476.249 Thread 0x0000022aff4f8ae0 Exception <a 'sun/nio/fs/WindowsException'{0x00000000d58ddc28}> (0x00000000d58ddc28) 
thrown [s\src\hotspot\share\prims\jni.cpp, line 520]
Event: 94476.260 Thread 0x0000022aff4f8ae0 Exception <a 'sun/nio/fs/WindowsException'{0x00000000d58ec0b0}> (0x00000000d58ec0b0) 
thrown [s\src\hotspot\share\prims\jni.cpp, line 520]
Event: 94476.262 Thread 0x0000022aff4f8ae0 Exception <a 'sun/nio/fs/WindowsException'{0x00000000d58f3758}> (0x00000000d58f3758) 
thrown [s\src\hotspot\share\prims\jni.cpp, line 520]
Event: 94476.273 Thread 0x0000022aff4f8ae0 Exception <a 'sun/nio/fs/WindowsException'{0x00000000d58fdc00}> (0x00000000d58fdc00) 
thrown [s\src\hotspot\share\prims\jni.cpp, line 520]
Event: 94476.625 Thread 0x0000022aff4f8ae0 Exception <a 'sun/nio/fs/WindowsException'{0x00000000d5671a98}> (0x00000000d5671a98) 
thrown [s\src\hotspot\share\prims\jni.cpp, line 520]
Event: 94476.625 Thread 0x0000022aff4f8ae0 Exception <a 'sun/nio/fs/WindowsException'{0x00000000d5672380}> (0x00000000d5672380) 
thrown [s\src\hotspot\share\prims\jni.cpp, line 520]
Event: 94476.627 Thread 0x0000022aff4f8ae0 Exception <a 'sun/nio/fs/WindowsException'{0x00000000d567df00}> (0x00000000d567df00) 
thrown [s\src\hotspot\share\prims\jni.cpp, line 520]
Event: 94476.627 Thread 0x0000022aff4f8ae0 Exception <a 'sun/nio/fs/WindowsException'{0x00000000d567e7e8}> (0x00000000d567e7e8) 
thrown [s\src\hotspot\share\prims\jni.cpp, line 520]
Event: 94476.634 Thread 0x0000022aff4f8ae0 Exception <a 'sun/nio/fs/WindowsException'{0x00000000d5711fe8}> (0x00000000d5711fe8) 
thrown [s\src\hotspot\share\prims\jni.cpp, line 520]
Event: 94476.634 Thread 0x0000022aff4f8ae0 Exception <a 'sun/nio/fs/WindowsException'{0x00000000d57128d0}> (0x00000000d57128d0) 
thrown [s\src\hotspot\share\prims\jni.cpp, line 520]
Event: 94477.056 Thread 0x0000022aff4f8450 Exception <a 'sun/nio/fs/WindowsException'{0x00000000d57b4ec8}> (0x00000000d57b4ec8) 
thrown [s\src\hotspot\share\prims\jni.cpp, line 520]
Event: 94477.080 Thread 0x0000022aff4f8450 Exception <a 'sun/nio/fs/WindowsException'{0x00000000d5690c90}> (0x00000000d5690c90) 
thrown [s\src\hotspot\share\prims\jni.cpp, line 520]
Event: 94477.089 Thread 0x0000022acbe397c0 Exception <a 'sun/nio/fs/WindowsException'{0x00000000d5707b78}> (0x00000000d5707b78) 
thrown [s\src\hotspot\share\prims\jni.cpp, line 520]
Event: 94477.090 Thread 0x0000022acbe397c0 Exception <a 'sun/nio/fs/WindowsException'{0x00000000d570c6d8}> (0x00000000d570c6d8) 
thrown [s\src\hotspot\share\prims\jni.cpp, line 520]
Event: 94478.327 Thread 0x0000022aff4f8ae0 Exception <a 'sun/nio/fs/WindowsException'{0x00000000d558f4b8}> (0x00000000d558f4b8) 
thrown [s\src\hotspot\share\prims\jni.cpp, line 520]
Event: 94478.327 Thread 0x0000022aff4f8ae0 Exception <a 'sun/nio/fs/WindowsException'{0x00000000d558fda0}> (0x00000000d558fda0) 
thrown [s\src\hotspot\share\prims\jni.cpp, line 520]
Event: 94478.372 Thread 0x0000022aff4f8450 Exception <a 'sun/nio/fs/WindowsException'{0x00000000d5580910}> (0x00000000d5580910) 
thrown [s\src\hotspot\share\prims\jni.cpp, line 520]
Event: 94479.499 Thread 0x0000022aff4f8450 Exception <a 'sun/nio/fs/WindowsException'{0x00000000d5580970}> (0x00000000d5580970) 
thrown [s\src\hotspot\share\prims\jni.cpp, line 520]
Event: 94479.532 Thread 0x0000022aff4f8450 Exception <a 'sun/nio/fs/WindowsException'{0x00000000d5c6fbe0}> (0x00000000d5c6fbe0) 
thrown [s\src\hotspot\share\prims\jni.cpp, line 520]
Event: 94480.727 Thread 0x0000022aff4f8450 Exception <a 'sun/nio/fs/WindowsException'{0x00000000d5637308}> (0x00000000d5637308) 
thrown [s\src\hotspot\share\prims\jni.cpp, line 520]

ZGC Phase Switch (0 events):
No events

VM Operations (20 events):
Event: 94480.685 Executing VM operation: ParallelGCFailedAllocation (Allocation Failure)
Event: 94480.688 Executing VM operation: ParallelGCFailedAllocation (Allocation Failure) done
Event: 94480.708 Executing VM operation: ParallelGCFailedAllocation (Allocation Failure)
Event: 94480.710 Executing VM operation: ParallelGCFailedAllocation (Allocation Failure) done
Event: 94480.722 Executing VM operation: ParallelGCFailedAllocation (Allocation Failure)
Event: 94480.724 Executing VM operation: ParallelGCFailedAllocation (Allocation Failure) done
Event: 94480.740 Executing VM operation: ParallelGCFailedAllocation (Allocation Failure)
Event: 94480.743 Executing VM operation: ParallelGCFailedAllocation (Allocation Failure) done
Event: 94480.763 Executing VM operation: ParallelGCFailedAllocation (Allocation Failure)
Event: 94480.765 Executing VM operation: ParallelGCFailedAllocation (Allocation Failure) done
Event: 94480.785 Executing VM operation: ParallelGCFailedAllocation (Allocation Failure)
Event: 94480.788 Executing VM operation: ParallelGCFailedAllocation (Allocation Failure) done
Event: 94480.839 Executing VM operation: ParallelGCFailedAllocation (Allocation Failure)
Event: 94480.841 Executing VM operation: ParallelGCFailedAllocation (Allocation Failure) done
Event: 94480.868 Executing VM operation: ParallelGCFailedAllocation (Allocation Failure)
Event: 94480.870 Executing VM operation: ParallelGCFailedAllocation (Allocation Failure) done
Event: 94480.887 Executing VM operation: ParallelGCFailedAllocation (Allocation Failure)
Event: 94480.890 Executing VM operation: ParallelGCFailedAllocation (Allocation Failure) done
Event: 94480.918 Executing VM operation: ParallelGCFailedAllocation (Allocation Failure)
Event: 94480.919 Executing VM operation: ParallelGCFailedAllocation (Allocation Failure) done

Memory protections (0 events):
No events

Nmethod flushes (20 events):
Event: 27.268 Thread 0x0000022aeb1aea20 flushing  nmethod 0x0000022aeeb99110
Event: 27.268 Thread 0x0000022aeb1aea20 flushing  nmethod 0x0000022aeeba2a90
Event: 27.268 Thread 0x0000022aeb1aea20 flushing  nmethod 0x0000022aeebaab90
Event: 27.268 Thread 0x0000022aeb1aea20 flushing  nmethod 0x0000022aeebb1b10
Event: 27.268 Thread 0x0000022aeb1aea20 flushing  nmethod 0x0000022aeebba010
Event: 27.268 Thread 0x0000022aeb1aea20 flushing  nmethod 0x0000022aeebbb890
Event: 27.268 Thread 0x0000022aeb1aea20 flushing  nmethod 0x0000022aeebbbe90
Event: 27.268 Thread 0x0000022aeb1aea20 flushing  nmethod 0x0000022aeebbfc10
Event: 27.268 Thread 0x0000022aeb1aea20 flushing  nmethod 0x0000022aeebc0310
Event: 27.268 Thread 0x0000022aeb1aea20 flushing  nmethod 0x0000022aeebc2b10
Event: 27.268 Thread 0x0000022aeb1aea20 flushing  nmethod 0x0000022aeebe0f10
Event: 27.268 Thread 0x0000022aeb1aea20 flushing osr nmethod 0x0000022aeebfcb10
Event: 27.268 Thread 0x0000022aeb1aea20 flushing  nmethod 0x0000022aeec3de90
Event: 27.268 Thread 0x0000022aeb1aea20 flushing  nmethod 0x0000022aeec51a10
Event: 27.268 Thread 0x0000022aeb1aea20 flushing  nmethod 0x0000022aeec5a390
Event: 27.268 Thread 0x0000022aeb1aea20 flushing  nmethod 0x0000022aeec64490
Event: 27.268 Thread 0x0000022aeb1aea20 flushing  nmethod 0x0000022aeec9ad90
Event: 27.268 Thread 0x0000022aeb1aea20 flushing  nmethod 0x0000022aeec9b890
Event: 27.268 Thread 0x0000022aeb1aea20 flushing  nmethod 0x0000022aeecad790
Event: 27.268 Thread 0x0000022aeb1aea20 flushing  nmethod 0x0000022aeecaff90

Events (20 events):
Event: 94475.319 Thread 0x0000022aff4f8ae0 Thread added: 0x0000022ad5b962c0
Event: 94475.319 Thread 0x0000022aff4f8ae0 Thread added: 0x0000022ad5b98390
Event: 94475.319 Thread 0x0000022aff4f8ae0 Thread added: 0x0000022ad5b94f10
Event: 94476.195 Thread 0x0000022ad5b94f10 Thread exited: 0x0000022ad5b94f10
Event: 94476.195 Thread 0x0000022ad5b98390 Thread exited: 0x0000022ad5b98390
Event: 94476.195 Thread 0x0000022ad5b97d00 Thread exited: 0x0000022ad5b97d00
Event: 94476.195 Thread 0x0000022ad5b962c0 Thread exited: 0x0000022ad5b962c0
Event: 94476.663 Thread 0x0000022aff4f8ae0 Thread added: 0x0000022ad5b97d00
Event: 94476.663 Thread 0x0000022aff4f8ae0 Thread added: 0x0000022ad5b962c0
Event: 94476.664 Thread 0x0000022aff4f8ae0 Thread added: 0x0000022ad5b98390
Event: 94476.664 Thread 0x0000022aff4f8ae0 Thread added: 0x0000022ad5b94f10
Event: 94476.664 Thread 0x0000022aff4f8ae0 Thread added: 0x0000022ad5b99dd0
Event: 94476.690 Thread 0x0000022ad5b94f10 Thread exited: 0x0000022ad5b94f10
Event: 94476.690 Thread 0x0000022ad5b99dd0 Thread exited: 0x0000022ad5b99dd0
Event: 94476.690 Thread 0x0000022ad5b98390 Thread exited: 0x0000022ad5b98390
Event: 94476.691 Thread 0x0000022ad5b962c0 Thread exited: 0x0000022ad5b962c0
Event: 94476.691 Thread 0x0000022ad5b97d00 Thread exited: 0x0000022ad5b97d00
Event: 94477.082 Thread 0x0000022acbe39e50 Thread added: 0x0000022ad5b962c0
Event: 94478.361 Thread 0x0000022aeb0a8590 Thread added: 0x0000022ad5b509b0
Event: 94480.776 Thread 0x0000022acbe3e680 Thread added: 0x0000022ad5b98390


Dynamic libraries:
0x00007ff687f10000 - 0x00007ff687f1e000 	c:\Users\Asus\.vscode\extensions\redhat.java-1.43.1-win32-x64\jre\21.0.7-win32-x86_64\bin\java.exe
0x00007ffb2f6e0000 - 0x00007ffb2f948000 	C:\WINDOWS\SYSTEM32\ntdll.dll
0x00007ffb2eb80000 - 0x00007ffb2ec49000 	C:\WINDOWS\System32\KERNEL32.DLL
0x00007ffb2ca10000 - 0x00007ffb2cdfd000 	C:\WINDOWS\System32\KERNELBASE.dll
0x00007ffb2d1b0000 - 0x00007ffb2d2fb000 	C:\WINDOWS\System32\ucrtbase.dll
0x00007ffb21cb0000 - 0x00007ffb21cce000 	c:\Users\Asus\.vscode\extensions\redhat.java-1.43.1-win32-x64\jre\21.0.7-win32-x86_64\bin\VCRUNTIME140.dll
0x00007ffb1b9e0000 - 0x00007ffb1b9f8000 	c:\Users\Asus\.vscode\extensions\redhat.java-1.43.1-win32-x64\jre\21.0.7-win32-x86_64\bin\jli.dll
0x00007ffb2e7b0000 - 0x00007ffb2e97c000 	C:\WINDOWS\System32\USER32.dll
0x00007ffb2ce00000 - 0x00007ffb2ce27000 	C:\WINDOWS\System32\win32u.dll
0x00007ffb13ed0000 - 0x00007ffb1416a000 	C:\WINDOWS\WinSxS\amd64_microsoft.windows.common-controls_6595b64144ccf1df_6.0.26100.4484_none_3e0e6d4ce32ef3b3\COMCTL32.dll
0x00007ffb2f410000 - 0x00007ffb2f4b9000 	C:\WINDOWS\System32\msvcrt.dll
0x00007ffb2f220000 - 0x00007ffb2f24b000 	C:\WINDOWS\System32\GDI32.dll
0x00007ffb2cef0000 - 0x00007ffb2d027000 	C:\WINDOWS\System32\gdi32full.dll
0x00007ffb2c830000 - 0x00007ffb2c8d3000 	C:\WINDOWS\System32\msvcp_win.dll
0x00007ffb2e420000 - 0x00007ffb2e44f000 	C:\WINDOWS\System32\IMM32.DLL
0x00007ffb12780000 - 0x00007ffb1278c000 	c:\Users\Asus\.vscode\extensions\redhat.java-1.43.1-win32-x64\jre\21.0.7-win32-x86_64\bin\vcruntime140_1.dll
0x00007ffb10f20000 - 0x00007ffb10fad000 	c:\Users\Asus\.vscode\extensions\redhat.java-1.43.1-win32-x64\jre\21.0.7-win32-x86_64\bin\msvcp140.dll
0x00007ffac7090000 - 0x00007ffac7e20000 	c:\Users\Asus\.vscode\extensions\redhat.java-1.43.1-win32-x64\jre\21.0.7-win32-x86_64\bin\server\jvm.dll
0x00007ffb2f4c0000 - 0x00007ffb2f574000 	C:\WINDOWS\System32\ADVAPI32.dll
0x00007ffb2e190000 - 0x00007ffb2e236000 	C:\WINDOWS\System32\sechost.dll
0x00007ffb2f580000 - 0x00007ffb2f698000 	C:\WINDOWS\System32\RPCRT4.dll
0x00007ffb2e460000 - 0x00007ffb2e4d4000 	C:\WINDOWS\System32\WS2_32.dll
0x00007ffb2c680000 - 0x00007ffb2c6de000 	C:\WINDOWS\SYSTEM32\POWRPROF.dll
0x00007ffb19a00000 - 0x00007ffb19a35000 	C:\WINDOWS\SYSTEM32\WINMM.dll
0x00007ffb251e0000 - 0x00007ffb251eb000 	C:\WINDOWS\SYSTEM32\VERSION.dll
0x00007ffb2c660000 - 0x00007ffb2c674000 	C:\WINDOWS\SYSTEM32\UMPDC.dll
0x00007ffb2b5a0000 - 0x00007ffb2b5bb000 	C:\WINDOWS\SYSTEM32\kernel.appcore.dll
0x00007ffb12690000 - 0x00007ffb1269a000 	c:\Users\Asus\.vscode\extensions\redhat.java-1.43.1-win32-x64\jre\21.0.7-win32-x86_64\bin\jimage.dll
0x00007ffb29fa0000 - 0x00007ffb2a1e1000 	C:\WINDOWS\SYSTEM32\DBGHELP.DLL
0x00007ffb2edc0000 - 0x00007ffb2f146000 	C:\WINDOWS\System32\combase.dll
0x00007ffb2d490000 - 0x00007ffb2d570000 	C:\WINDOWS\System32\OLEAUT32.dll
0x00007ffb10b80000 - 0x00007ffb10bc3000 	C:\WINDOWS\SYSTEM32\dbgcore.DLL
0x00007ffb2c970000 - 0x00007ffb2ca09000 	C:\WINDOWS\System32\bcryptPrimitives.dll
0x00007ffb12680000 - 0x00007ffb1268f000 	c:\Users\Asus\.vscode\extensions\redhat.java-1.43.1-win32-x64\jre\21.0.7-win32-x86_64\bin\instrument.dll
0x00007ffb11e20000 - 0x00007ffb11e3f000 	c:\Users\Asus\.vscode\extensions\redhat.java-1.43.1-win32-x64\jre\21.0.7-win32-x86_64\bin\java.dll
0x00007ffb2da40000 - 0x00007ffb2e18a000 	C:\WINDOWS\System32\SHELL32.dll
0x00007ffb2d030000 - 0x00007ffb2d1a4000 	C:\WINDOWS\System32\wintypes.dll
0x00007ffb2a450000 - 0x00007ffb2acab000 	C:\WINDOWS\SYSTEM32\windows.storage.dll
0x00007ffb2f250000 - 0x00007ffb2f345000 	C:\WINDOWS\System32\SHCORE.dll
0x00007ffb2eb10000 - 0x00007ffb2eb7a000 	C:\WINDOWS\System32\shlwapi.dll
0x00007ffb2c740000 - 0x00007ffb2c76f000 	C:\WINDOWS\SYSTEM32\profapi.dll
0x00007ffb11ba0000 - 0x00007ffb11bb8000 	c:\Users\Asus\.vscode\extensions\redhat.java-1.43.1-win32-x64\jre\21.0.7-win32-x86_64\bin\zip.dll
0x00007ffb12670000 - 0x00007ffb12680000 	C:\Users\Asus\.vscode\extensions\redhat.java-1.43.1-win32-x64\jre\21.0.7-win32-x86_64\bin\net.dll
0x00007ffb23e50000 - 0x00007ffb23f6e000 	C:\WINDOWS\SYSTEM32\WINHTTP.dll
0x00007ffb2bb60000 - 0x00007ffb2bbca000 	C:\WINDOWS\system32\mswsock.dll
0x00007ffb111c0000 - 0x00007ffb111d6000 	C:\Users\Asus\.vscode\extensions\redhat.java-1.43.1-win32-x64\jre\21.0.7-win32-x86_64\bin\nio.dll
0x00007ffb11b90000 - 0x00007ffb11ba0000 	c:\Users\Asus\.vscode\extensions\redhat.java-1.43.1-win32-x64\jre\21.0.7-win32-x86_64\bin\verify.dll
0x00007ffb11c50000 - 0x00007ffb11c95000 	C:\Users\Asus\AppData\Roaming\Code\User\globalStorage\redhat.java\1.43.1\config_win\org.eclipse.equinox.launcher\org.eclipse.equinox.launcher.win32.win32.x86_64_1.2.1300.v20250331-1702\eclipse_11911.dll
0x00007ffb2e570000 - 0x00007ffb2e70e000 	C:\WINDOWS\System32\ole32.dll
0x00007ffb2be10000 - 0x00007ffb2be2b000 	C:\WINDOWS\SYSTEM32\CRYPTSP.dll
0x00007ffb2b500000 - 0x00007ffb2b53b000 	C:\WINDOWS\system32\rsaenh.dll
0x00007ffb2bc00000 - 0x00007ffb2bc2b000 	C:\WINDOWS\SYSTEM32\USERENV.dll
0x00007ffb2c710000 - 0x00007ffb2c736000 	C:\WINDOWS\SYSTEM32\bcrypt.dll
0x00007ffb2be30000 - 0x00007ffb2be3c000 	C:\WINDOWS\SYSTEM32\CRYPTBASE.dll
0x00007ffb2afa0000 - 0x00007ffb2afd3000 	C:\WINDOWS\SYSTEM32\IPHLPAPI.DLL
0x00007ffb2d480000 - 0x00007ffb2d48a000 	C:\WINDOWS\System32\NSI.dll
0x00007ffb11200000 - 0x00007ffb11249000 	C:\Users\Asus\AppData\Local\Temp\jna-2050672\jna17908963875075739899.dll
0x00007ffb2eb00000 - 0x00007ffb2eb08000 	C:\WINDOWS\System32\PSAPI.DLL
0x00007ffb239e0000 - 0x00007ffb239ff000 	C:\WINDOWS\SYSTEM32\dhcpcsvc6.DLL
0x00007ffb239b0000 - 0x00007ffb239d5000 	C:\WINDOWS\SYSTEM32\dhcpcsvc.DLL
0x00007ffb11a70000 - 0x00007ffb11a7e000 	C:\Users\Asus\.vscode\extensions\redhat.java-1.43.1-win32-x64\jre\21.0.7-win32-x86_64\bin\sunmscapi.dll
0x00007ffb2d300000 - 0x00007ffb2d477000 	C:\WINDOWS\System32\CRYPT32.dll
0x00007ffb2c030000 - 0x00007ffb2c060000 	C:\WINDOWS\SYSTEM32\ncrypt.dll
0x00007ffb2bfe0000 - 0x00007ffb2c01f000 	C:\WINDOWS\SYSTEM32\NTASN1.dll
0x00007ffb2b090000 - 0x00007ffb2b1b6000 	C:\WINDOWS\SYSTEM32\DNSAPI.dll
0x00007ffb1dd40000 - 0x00007ffb1dd4b000 	C:\Windows\System32\rasadhlp.dll
0x00007ffb21740000 - 0x00007ffb217c6000 	C:\WINDOWS\System32\fwpuclnt.dll
0x00007ffb21eb0000 - 0x00007ffb21eb9000 	C:\Users\Asus\.vscode\extensions\redhat.java-1.43.1-win32-x64\jre\21.0.7-win32-x86_64\bin\extnet.dll

dbghelp: loaded successfully - version: 4.0.5 - missing functions: none
symbol engine: initialized successfully - sym options: 0x614 - pdb path: .;c:\Users\Asus\.vscode\extensions\redhat.java-1.43.1-win32-x64\jre\21.0.7-win32-x86_64\bin;C:\WINDOWS\SYSTEM32;C:\WINDOWS\WinSxS\amd64_microsoft.windows.common-controls_6595b64144ccf1df_6.0.26100.4484_none_3e0e6d4ce32ef3b3;c:\Users\Asus\.vscode\extensions\redhat.java-1.43.1-win32-x64\jre\21.0.7-win32-x86_64\bin\server;C:\Users\Asus\AppData\Roaming\Code\User\globalStorage\redhat.java\1.43.1\config_win\org.eclipse.equinox.launcher\org.eclipse.equinox.launcher.win32.win32.x86_64_1.2.1300.v20250331-1702;C:\Users\Asus\AppData\Local\Temp\jna-2050672

VM Arguments:
jvm_args: --add-modules=ALL-SYSTEM --add-opens=java.base/java.util=ALL-UNNAMED --add-opens=java.base/java.lang=ALL-UNNAMED --add-opens=java.base/sun.nio.fs=ALL-UNNAMED -Declipse.application=org.eclipse.jdt.ls.core.id1 -Dosgi.bundles.defaultStartLevel=4 -Declipse.product=org.eclipse.jdt.ls.core.product -Djava.import.generatesMetadataFilesAtProjectRoot=false -DDetectVMInstallationsJob.disabled=true -Dfile.encoding=utf8 -XX:+UseParallelGC -XX:GCTimeRatio=4 -XX:AdaptiveSizePolicyWeight=90 -Dsun.zip.disableMemoryMapping=true -Xmx2G -Xms100m -Xlog:disable -javaagent:c:\Users\Asus\.vscode\extensions\redhat.java-1.43.1-win32-x64\lombok\lombok-1.18.39-4050.jar -XX:+HeapDumpOnOutOfMemoryError -XX:HeapDumpPath=c:\Users\Asus\AppData\Roaming\Code\User\workspaceStorage\3d294ba1d3de4d7ca895ef8bf9320886\redhat.java -Daether.dependencyCollector.impl=bf 
java_command: c:\Users\Asus\.vscode\extensions\redhat.java-1.43.1-win32-x64\server\plugins\org.eclipse.equinox.launcher_1.7.0.v20250519-0528.jar -configuration c:\Users\Asus\AppData\Roaming\Code\User\globalStorage\redhat.java\1.43.1\config_win -data c:\Users\Asus\AppData\Roaming\Code\User\workspaceStorage\3d294ba1d3de4d7ca895ef8bf9320886\redhat.java\jdt_ws --pipe=\\.\pipe\lsp-6a562a8a12f6dcb357cb48c1c8edff22-sock
java_class_path (initial): c:\Users\Asus\.vscode\extensions\redhat.java-1.43.1-win32-x64\server\plugins\org.eclipse.equinox.launcher_1.7.0.v20250519-0528.jar
Launcher Type: SUN_STANDARD

[Global flags]
    uintx AdaptiveSizePolicyWeight                 = 90                                        {product} {command line}
     intx CICompilerCount                          = 4                                         {product} {ergonomic}
    uintx GCTimeRatio                              = 4                                         {product} {command line}
     bool HeapDumpOnOutOfMemoryError               = true                                   {manageable} {command line}
    ccstr HeapDumpPath                             = c:\Users\Asus\AppData\Roaming\Code\User\workspaceStorage\3d294ba1d3de4d7ca895ef8bf9320886\redhat.java         {manageable} {command line}
   size_t InitialHeapSize                          = 104857600                                 {product} {command line}
   size_t MaxHeapSize                              = 2147483648                                {product} {command line}
   size_t MaxNewSize                               = 715653120                                 {product} {ergonomic}
   size_t MinHeapDeltaBytes                        = 524288                                    {product} {ergonomic}
   size_t MinHeapSize                              = 104857600                                 {product} {command line}
   size_t NewSize                                  = 34603008                                  {product} {ergonomic}
    uintx NonNMethodCodeHeapSize                   = 5839372                                {pd product} {ergonomic}
    uintx NonProfiledCodeHeapSize                  = 122909434                              {pd product} {ergonomic}
   size_t OldSize                                  = 70254592                                  {product} {ergonomic}
    uintx ProfiledCodeHeapSize                     = 122909434                              {pd product} {ergonomic}
    uintx ReservedCodeCacheSize                    = 251658240                              {pd product} {ergonomic}
     bool SegmentedCodeCache                       = true                                      {product} {ergonomic}
   size_t SoftMaxHeapSize                          = 2147483648                             {manageable} {ergonomic}
     bool UseCompressedOops                        = true                           {product lp64_product} {ergonomic}
     bool UseLargePagesIndividualAllocation        = false                                  {pd product} {ergonomic}
     bool UseParallelGC                            = true                                      {product} {command line}

Logging:
Log output configuration:
 #0: stdout all=off uptime,level,tags foldmultilines=false
 #1: stderr all=off uptime,level,tags foldmultilines=false

Environment Variables:
JAVA_HOME=C:\Users\Asus\.jdks\openjdk-21.0.2
PATH=C:\Program Files (x86)\VMware\VMware Player\bin\;C:\WINDOWS\system32;C:\WINDOWS;C:\WINDOWS\System32\Wbem;C:\WINDOWS\System32\WindowsPowerShell\v1.0\;C:\WINDOWS\System32\OpenSSH\;C:\MinGW\bin;C:\Program Files\Git\cmd;C:\Users\Asus\AppData\Roaming\nvm;C:\Program Files\nodejs;C:\Users\Asus\.jdks\openjdk-21.0.2\bin;C:\Program Files\Go\bin;D:\Downloads\apache-maven-3.9.11-bin\apache-maven-3.9.11\bin;C:\Program Files\Docker\Docker\resources\bin;D:\Downloads\apache-maven-3.9.11-bin\apache-maven-3.9.11\bin;C:\Users\Asus\AppData\Local\Programs\Python\Python312\Scripts\;C:\Users\Asus\AppData\Local\Programs\Python\Python312\;C:\Users\Asus\AppData\Local\Programs\Python\Launcher\;C:\Users\Asus\.console-ninja\.bin;C:\Users\Asus\AppData\Local\Microsoft\WindowsApps;C:\Users\Asus\AppData\Local\Programs\Microsoft VS Code\bin;C:\MinGW\bin;C:\Users\Asus\AppData\Local\GitHubDesktop\bin;C:\Users\Asus\AppData\Roaming\npm;C:\Program Files\MySQL\MySQL Server 8.0\bin;C:\Program Files\JetBrains\PyCharm Community Edition 2024.2.1\bin;;C:\Users\Asus\AppData\Roaming\nvm;C:\Program Files\nodejs;C:\Users\Asus\AppData\Local\Microsoft\WindowsApps;C:\Users\Asus\AppData\Local\Programs\MiKTeX\miktex\bin\x64\;C:\Program Files (x86)\Nmap;C:\Users\Asus\go\bin
USERNAME=Asus
OS=Windows_NT
PROCESSOR_IDENTIFIER=Intel64 Family 6 Model 165 Stepping 2, GenuineIntel
TMP=C:\Users\Asus\AppData\Local\Temp
TEMP=C:\Users\Asus\AppData\Local\Temp




Periodic native trim disabled

---------------  S Y S T E M  ---------------

OS:
 Windows 11 , 64 bit Build 26100 (10.0.26100.4484)
OS uptime: 2 days 6:19 hours
Hyper-V role detected

CPU: total 8 (initial active 8) (4 cores per cpu, 2 threads per core) family 6 model 165 stepping 2 microcode 0xe0, cx8, cmov, fxsr, ht, mmx, 3dnowpref, sse, sse2, sse3, ssse3, sse4.1, sse4.2, popcnt, lzcnt, tsc, tscinvbit, avx, avx2, aes, erms, clmul, bmi1, bmi2, adx, fma, vzeroupper, clflush, clflushopt, hv, rdtscp, f16c
Processor Information for the first 8 processors :
  Max Mhz: 2496, Current Mhz: 2496, Mhz Limit: 2496

Memory: 4k page, system-wide physical 8029M (792M free)
TotalPageFile size 32605M (AvailPageFile size 0M)
current process WorkingSet (physical memory assigned to process): 542M, peak: 1006M
current process commit charge ("private bytes"): 1067M, peak: 1069M

vm_info: OpenJDK 64-Bit Server VM (21.0.7+6-LTS) for windows-amd64 JRE (21.0.7+6-LTS), built on 2025-04-15T00:00:00Z by "admin" with MS VC++ 17.7 (VS2022)

END.
